{"/home/audreyer/Projet/test2/server/src/index.ts": {"path":"/home/audreyer/Projet/test2/server/src/index.ts","statementMap":{"0":{"start":{"line":82,"column":0},"end":{"line":82,"column":16}},"1":{"start":{"line":2,"column":0},"end":{"line":2,"column":30}},"2":{"start":{"line":3,"column":0},"end":{"line":3,"column":35}},"3":{"start":{"line":4,"column":0},"end":{"line":4,"column":36}},"4":{"start":{"line":5,"column":0},"end":{"line":5,"column":36}},"5":{"start":{"line":8,"column":13},"end":{"line":8,"column":29}},"6":{"start":{"line":9,"column":13},"end":{"line":9,"column":44}},"7":{"start":{"line":10,"column":13},"end":{"line":15,"column":3}},"8":{"start":{"line":17,"column":14},"end":{"line":17,"column":37}},"9":{"start":{"line":19,"column":0},"end":{"line":80,"column":3}},"10":{"start":{"line":20,"column":2},"end":{"line":20,"column":46}},"11":{"start":{"line":22,"column":2},"end":{"line":38,"column":5}},"12":{"start":{"line":23,"column":15},"end":{"line":23,"column":32}},"13":{"start":{"line":25,"column":4},"end":{"line":30,"column":5}},"14":{"start":{"line":26,"column":6},"end":{"line":28,"column":8}},"15":{"start":{"line":27,"column":8},"end":{"line":27,"column":50}},"16":{"start":{"line":29,"column":6},"end":{"line":29,"column":30}},"17":{"start":{"line":32,"column":4},"end":{"line":37,"column":5}},"18":{"start":{"line":33,"column":6},"end":{"line":33,"column":26}},"19":{"start":{"line":34,"column":6},"end":{"line":34,"column":55}},"20":{"start":{"line":36,"column":6},"end":{"line":36,"column":55}},"21":{"start":{"line":40,"column":2},"end":{"line":47,"column":5}},"22":{"start":{"line":41,"column":17},"end":{"line":41,"column":34}},"23":{"start":{"line":42,"column":4},"end":{"line":46,"column":5}},"24":{"start":{"line":43,"column":6},"end":{"line":45,"column":7}},"25":{"start":{"line":44,"column":8},"end":{"line":44,"column":57}},"26":{"start":{"line":49,"column":2},"end":{"line":57,"column":4}},"27":{"start":{"line":52,"column":19},"end":{"line":52,"column":36}},"28":{"start":{"line":53,"column":6},"end":{"line":55,"column":7}},"29":{"start":{"line":54,"column":8},"end":{"line":54,"column":57}},"30":{"start":{"line":59,"column":2},"end":{"line":66,"column":5}},"31":{"start":{"line":60,"column":17},"end":{"line":60,"column":34}},"32":{"start":{"line":61,"column":4},"end":{"line":65,"column":5}},"33":{"start":{"line":62,"column":6},"end":{"line":64,"column":7}},"34":{"start":{"line":63,"column":8},"end":{"line":63,"column":57}},"35":{"start":{"line":68,"column":2},"end":{"line":79,"column":5}},"36":{"start":{"line":69,"column":4},"end":{"line":78,"column":7}},"37":{"start":{"line":70,"column":6},"end":{"line":77,"column":7}},"38":{"start":{"line":70,"column":40},"end":{"line":70,"column":63}},"39":{"start":{"line":71,"column":8},"end":{"line":71,"column":37}},"40":{"start":{"line":72,"column":8},"end":{"line":76,"column":9}},"41":{"start":{"line":73,"column":10},"end":{"line":73,"column":31}},"42":{"start":{"line":75,"column":10},"end":{"line":75,"column":59}},"43":{"start":{"line":83,"column":2},"end":{"line":85,"column":5}},"44":{"start":{"line":84,"column":4},"end":{"line":84,"column":50}},"45":{"start":{"line":89,"column":0},"end":{"line":91,"column":1}},"46":{"start":{"line":90,"column":2},"end":{"line":90,"column":10}}},"fnMap":{"0":{"name":"(anonymous_1)","decl":{"start":{"line":19,"column":20},"end":{"line":19,"column":21}},"loc":{"start":{"line":19,"column":31},"end":{"line":80,"column":1}}},"1":{"name":"(anonymous_2)","decl":{"start":{"line":22,"column":24},"end":{"line":22,"column":25}},"loc":{"start":{"line":22,"column":51},"end":{"line":38,"column":3}}},"2":{"name":"(anonymous_3)","decl":{"start":{"line":26,"column":30},"end":{"line":26,"column":31}},"loc":{"start":{"line":27,"column":8},"end":{"line":27,"column":50}}},"3":{"name":"(anonymous_4)","decl":{"start":{"line":40,"column":25},"end":{"line":40,"column":26}},"loc":{"start":{"line":40,"column":40},"end":{"line":47,"column":3}}},"4":{"name":"(anonymous_5)","decl":{"start":{"line":51,"column":4},"end":{"line":51,"column":5}},"loc":{"start":{"line":51,"column":63},"end":{"line":56,"column":5}}},"5":{"name":"(anonymous_6)","decl":{"start":{"line":59,"column":27},"end":{"line":59,"column":28}},"loc":{"start":{"line":59,"column":42},"end":{"line":66,"column":3}}},"6":{"name":"(anonymous_7)","decl":{"start":{"line":68,"column":26},"end":{"line":68,"column":29}},"loc":{"start":{"line":68,"column":31},"end":{"line":79,"column":3}}},"7":{"name":"(anonymous_8)","decl":{"start":{"line":69,"column":18},"end":{"line":69,"column":19}},"loc":{"start":{"line":69,"column":35},"end":{"line":78,"column":5}}},"8":{"name":"(anonymous_9)","decl":{"start":{"line":70,"column":28},"end":{"line":70,"column":29}},"loc":{"start":{"line":70,"column":40},"end":{"line":70,"column":63}}},"9":{"name":"start","decl":{"start":{"line":82,"column":16},"end":{"line":82,"column":21}},"loc":{"start":{"line":82,"column":70},"end":{"line":86,"column":1}}},"10":{"name":"(anonymous_11)","decl":{"start":{"line":83,"column":33},"end":{"line":83,"column":36}},"loc":{"start":{"line":83,"column":38},"end":{"line":85,"column":3}}}},"branchMap":{"0":{"loc":{"start":{"line":25,"column":4},"end":{"line":30,"column":5}},"type":"if","locations":[{"start":{"line":25,"column":4},"end":{"line":30,"column":5}},{"start":{},"end":{}}]},"1":{"loc":{"start":{"line":32,"column":4},"end":{"line":37,"column":5}},"type":"if","locations":[{"start":{"line":32,"column":4},"end":{"line":37,"column":5}},{"start":{"line":35,"column":11},"end":{"line":37,"column":5}}]},"2":{"loc":{"start":{"line":42,"column":4},"end":{"line":46,"column":5}},"type":"if","locations":[{"start":{"line":42,"column":4},"end":{"line":46,"column":5}},{"start":{},"end":{}}]},"3":{"loc":{"start":{"line":42,"column":8},"end":{"line":42,"column":41}},"type":"binary-expr","locations":[{"start":{"line":42,"column":8},"end":{"line":42,"column":12}},{"start":{"line":42,"column":16},"end":{"line":42,"column":41}}]},"4":{"loc":{"start":{"line":43,"column":6},"end":{"line":45,"column":7}},"type":"if","locations":[{"start":{"line":43,"column":6},"end":{"line":45,"column":7}},{"start":{},"end":{}}]},"5":{"loc":{"start":{"line":53,"column":6},"end":{"line":55,"column":7}},"type":"if","locations":[{"start":{"line":53,"column":6},"end":{"line":55,"column":7}},{"start":{},"end":{}}]},"6":{"loc":{"start":{"line":53,"column":10},"end":{"line":53,"column":54}},"type":"binary-expr","locations":[{"start":{"line":53,"column":10},"end":{"line":53,"column":14}},{"start":{"line":53,"column":18},"end":{"line":53,"column":54}}]},"7":{"loc":{"start":{"line":61,"column":4},"end":{"line":65,"column":5}},"type":"if","locations":[{"start":{"line":61,"column":4},"end":{"line":65,"column":5}},{"start":{},"end":{}}]},"8":{"loc":{"start":{"line":61,"column":8},"end":{"line":61,"column":41}},"type":"binary-expr","locations":[{"start":{"line":61,"column":8},"end":{"line":61,"column":12}},{"start":{"line":61,"column":16},"end":{"line":61,"column":41}}]},"9":{"loc":{"start":{"line":62,"column":6},"end":{"line":64,"column":7}},"type":"if","locations":[{"start":{"line":62,"column":6},"end":{"line":64,"column":7}},{"start":{},"end":{}}]},"10":{"loc":{"start":{"line":70,"column":6},"end":{"line":77,"column":7}},"type":"if","locations":[{"start":{"line":70,"column":6},"end":{"line":77,"column":7}},{"start":{},"end":{}}]},"11":{"loc":{"start":{"line":72,"column":8},"end":{"line":76,"column":9}},"type":"if","locations":[{"start":{"line":72,"column":8},"end":{"line":76,"column":9}},{"start":{"line":74,"column":15},"end":{"line":76,"column":9}}]},"12":{"loc":{"start":{"line":82,"column":22},"end":{"line":82,"column":70}},"type":"default-arg","locations":[{"start":{"line":82,"column":46},"end":{"line":82,"column":70}}]},"13":{"loc":{"start":{"line":82,"column":46},"end":{"line":82,"column":70}},"type":"binary-expr","locations":[{"start":{"line":82,"column":46},"end":{"line":82,"column":62}},{"start":{"line":82,"column":66},"end":{"line":82,"column":70}}]},"14":{"loc":{"start":{"line":89,"column":0},"end":{"line":91,"column":1}},"type":"if","locations":[{"start":{"line":89,"column":0},"end":{"line":91,"column":1}},{"start":{},"end":{}}]}},"s":{"0":1,"1":1,"2":1,"3":1,"4":1,"5":1,"6":1,"7":1,"8":1,"9":1,"10":17,"11":17,"12":15,"13":15,"14":11,"15":0,"16":11,"17":15,"18":14,"19":14,"20":1,"21":17,"22":6,"23":6,"24":5,"25":5,"26":17,"27":6,"28":6,"29":6,"30":17,"31":1,"32":1,"33":1,"34":1,"35":17,"36":17,"37":15,"38":18,"39":14,"40":14,"41":11,"42":3,"43":1,"44":1,"45":1,"46":0},"f":{"0":17,"1":15,"2":0,"3":6,"4":6,"5":1,"6":17,"7":15,"8":18,"9":1,"10":1},"b":{"0":[11,4],"1":[14,1],"2":[5,1],"3":[6,6],"4":[5,0],"5":[6,0],"6":[6,6],"7":[1,0],"8":[1,1],"9":[1,0],"10":[14,1],"11":[11,3],"12":[0],"13":[0,0],"14":[0,1]}}
,"/home/audreyer/Projet/test2/server/src/class/Game.ts": {"path":"/home/audreyer/Projet/test2/server/src/class/Game.ts","statementMap":{"0":{"start":{"line":3,"column":0},"end":{"line":3,"column":34}},"1":{"start":{"line":4,"column":0},"end":{"line":4,"column":48}},"2":{"start":{"line":22,"column":4},"end":{"line":22,"column":17}},"3":{"start":{"line":23,"column":4},"end":{"line":23,"column":22}},"4":{"start":{"line":24,"column":4},"end":{"line":24,"column":23}},"5":{"start":{"line":25,"column":4},"end":{"line":25,"column":27}},"6":{"start":{"line":26,"column":4},"end":{"line":26,"column":29}},"7":{"start":{"line":27,"column":4},"end":{"line":27,"column":49}},"8":{"start":{"line":31,"column":4},"end":{"line":31,"column":37}},"9":{"start":{"line":31,"column":24},"end":{"line":31,"column":37}},"10":{"start":{"line":33,"column":19},"end":{"line":33,"column":51}},"11":{"start":{"line":34,"column":4},"end":{"line":34,"column":30}},"12":{"start":{"line":36,"column":4},"end":{"line":38,"column":5}},"13":{"start":{"line":37,"column":6},"end":{"line":37,"column":29}},"14":{"start":{"line":40,"column":4},"end":{"line":40,"column":16}},"15":{"start":{"line":44,"column":4},"end":{"line":44,"column":33}},"16":{"start":{"line":45,"column":4},"end":{"line":45,"column":75}},"17":{"start":{"line":45,"column":51},"end":{"line":45,"column":73}},"18":{"start":{"line":46,"column":4},"end":{"line":46,"column":33}},"19":{"start":{"line":47,"column":4},"end":{"line":50,"column":5}},"20":{"start":{"line":48,"column":31},"end":{"line":48,"column":55}},"21":{"start":{"line":49,"column":6},"end":{"line":49,"column":80}},"22":{"start":{"line":51,"column":4},"end":{"line":51,"column":33}},"23":{"start":{"line":52,"column":4},"end":{"line":52,"column":16}},"24":{"start":{"line":56,"column":4},"end":{"line":56,"column":66}},"25":{"start":{"line":56,"column":53},"end":{"line":56,"column":66}},"26":{"start":{"line":58,"column":4},"end":{"line":58,"column":26}},"27":{"start":{"line":59,"column":4},"end":{"line":62,"column":7}},"28":{"start":{"line":60,"column":6},"end":{"line":60,"column":21}},"29":{"start":{"line":61,"column":6},"end":{"line":61,"column":26}},"30":{"start":{"line":64,"column":4},"end":{"line":67,"column":13}},"31":{"start":{"line":66,"column":6},"end":{"line":66,"column":47}},"32":{"start":{"line":69,"column":4},"end":{"line":69,"column":16}},"33":{"start":{"line":73,"column":4},"end":{"line":73,"column":27}},"34":{"start":{"line":74,"column":4},"end":{"line":74,"column":23}},"35":{"start":{"line":75,"column":4},"end":{"line":78,"column":5}},"36":{"start":{"line":76,"column":6},"end":{"line":76,"column":39}},"37":{"start":{"line":77,"column":6},"end":{"line":77,"column":31}},"38":{"start":{"line":82,"column":4},"end":{"line":82,"column":16}},"39":{"start":{"line":83,"column":4},"end":{"line":83,"column":24}},"40":{"start":{"line":87,"column":4},"end":{"line":112,"column":7}},"41":{"start":{"line":88,"column":6},"end":{"line":88,"column":34}},"42":{"start":{"line":88,"column":27},"end":{"line":88,"column":34}},"43":{"start":{"line":90,"column":6},"end":{"line":93,"column":7}},"44":{"start":{"line":91,"column":8},"end":{"line":91,"column":28}},"45":{"start":{"line":92,"column":8},"end":{"line":92,"column":15}},"46":{"start":{"line":95,"column":25},"end":{"line":95,"column":55}},"47":{"start":{"line":97,"column":6},"end":{"line":111,"column":7}},"48":{"start":{"line":98,"column":8},"end":{"line":98,"column":41}},"49":{"start":{"line":100,"column":8},"end":{"line":100,"column":27}},"50":{"start":{"line":101,"column":8},"end":{"line":101,"column":28}},"51":{"start":{"line":102,"column":29},"end":{"line":102,"column":62}},"52":{"start":{"line":103,"column":8},"end":{"line":107,"column":9}},"53":{"start":{"line":104,"column":27},"end":{"line":104,"column":39}},"54":{"start":{"line":105,"column":10},"end":{"line":105,"column":32}},"55":{"start":{"line":106,"column":10},"end":{"line":106,"column":32}},"56":{"start":{"line":114,"column":4},"end":{"line":114,"column":25}},"57":{"start":{"line":118,"column":25},"end":{"line":119,"column":null}},"58":{"start":{"line":119,"column":13},"end":{"line":119,"column":22}},"59":{"start":{"line":121,"column":4},"end":{"line":123,"column":5}},"60":{"start":{"line":122,"column":6},"end":{"line":122,"column":18}},"61":{"start":{"line":125,"column":4},"end":{"line":127,"column":5}},"62":{"start":{"line":126,"column":6},"end":{"line":126,"column":18}},"63":{"start":{"line":131,"column":4},"end":{"line":131,"column":38}},"64":{"start":{"line":131,"column":25},"end":{"line":131,"column":38}},"65":{"start":{"line":134,"column":6},"end":{"line":134,"column":73}},"66":{"start":{"line":135,"column":4},"end":{"line":135,"column":73}},"67":{"start":{"line":135,"column":60},"end":{"line":135,"column":73}},"68":{"start":{"line":136,"column":4},"end":{"line":136,"column":37}},"69":{"start":{"line":140,"column":4},"end":{"line":145,"column":6}},"70":{"start":{"line":144,"column":60},"end":{"line":144,"column":70}},"71":{"start":{"line":13,"column":0},"end":{"line":13,"column":13}}},"fnMap":{"0":{"name":"(anonymous_0)","decl":{"start":{"line":21,"column":2},"end":{"line":21,"column":14}},"loc":{"start":{"line":21,"column":76},"end":{"line":28,"column":3}}},"1":{"name":"(anonymous_1)","decl":{"start":{"line":30,"column":2},"end":{"line":30,"column":11}},"loc":{"start":{"line":30,"column":48},"end":{"line":41,"column":3}}},"2":{"name":"(anonymous_2)","decl":{"start":{"line":43,"column":2},"end":{"line":43,"column":14}},"loc":{"start":{"line":43,"column":31},"end":{"line":53,"column":3}}},"3":{"name":"(anonymous_3)","decl":{"start":{"line":45,"column":39},"end":{"line":45,"column":40}},"loc":{"start":{"line":45,"column":51},"end":{"line":45,"column":73}}},"4":{"name":"(anonymous_4)","decl":{"start":{"line":55,"column":2},"end":{"line":55,"column":7}},"loc":{"start":{"line":55,"column":7},"end":{"line":70,"column":3}}},"5":{"name":"(anonymous_5)","decl":{"start":{"line":59,"column":25},"end":{"line":59,"column":26}},"loc":{"start":{"line":59,"column":36},"end":{"line":62,"column":5}}},"6":{"name":"(anonymous_6)","decl":{"start":{"line":64,"column":36},"end":{"line":64,"column":39}},"loc":{"start":{"line":64,"column":41},"end":{"line":67,"column":5}}},"7":{"name":"(anonymous_7)","decl":{"start":{"line":72,"column":2},"end":{"line":72,"column":6}},"loc":{"start":{"line":72,"column":6},"end":{"line":79,"column":3}}},"8":{"name":"(anonymous_8)","decl":{"start":{"line":81,"column":2},"end":{"line":81,"column":9}},"loc":{"start":{"line":81,"column":9},"end":{"line":84,"column":3}}},"9":{"name":"(anonymous_9)","decl":{"start":{"line":86,"column":10},"end":{"line":86,"column":14}},"loc":{"start":{"line":86,"column":14},"end":{"line":115,"column":3}}},"10":{"name":"(anonymous_10)","decl":{"start":{"line":87,"column":25},"end":{"line":87,"column":26}},"loc":{"start":{"line":87,"column":36},"end":{"line":112,"column":5}}},"11":{"name":"(anonymous_11)","decl":{"start":{"line":117,"column":10},"end":{"line":117,"column":23}},"loc":{"start":{"line":117,"column":23},"end":{"line":128,"column":3}}},"12":{"name":"(anonymous_12)","decl":{"start":{"line":119,"column":6},"end":{"line":119,"column":7}},"loc":{"start":{"line":119,"column":13},"end":{"line":119,"column":22}}},"13":{"name":"(anonymous_13)","decl":{"start":{"line":130,"column":2},"end":{"line":130,"column":14}},"loc":{"start":{"line":130,"column":47},"end":{"line":137,"column":3}}},"14":{"name":"(anonymous_14)","decl":{"start":{"line":139,"column":2},"end":{"line":139,"column":10}},"loc":{"start":{"line":139,"column":10},"end":{"line":146,"column":3}}},"15":{"name":"(anonymous_15)","decl":{"start":{"line":144,"column":53},"end":{"line":144,"column":54}},"loc":{"start":{"line":144,"column":60},"end":{"line":144,"column":70}}}},"branchMap":{"0":{"loc":{"start":{"line":31,"column":4},"end":{"line":31,"column":37}},"type":"if","locations":[{"start":{"line":31,"column":4},"end":{"line":31,"column":37}},{"start":{},"end":{}}]},"1":{"loc":{"start":{"line":36,"column":4},"end":{"line":38,"column":5}},"type":"if","locations":[{"start":{"line":36,"column":4},"end":{"line":38,"column":5}},{"start":{},"end":{}}]},"2":{"loc":{"start":{"line":47,"column":4},"end":{"line":50,"column":5}},"type":"if","locations":[{"start":{"line":47,"column":4},"end":{"line":50,"column":5}},{"start":{},"end":{}}]},"3":{"loc":{"start":{"line":49,"column":20},"end":{"line":49,"column":79}},"type":"cond-expr","locations":[{"start":{"line":49,"column":50},"end":{"line":49,"column":72}},{"start":{"line":49,"column":75},"end":{"line":49,"column":79}}]},"4":{"loc":{"start":{"line":56,"column":4},"end":{"line":56,"column":66}},"type":"if","locations":[{"start":{"line":56,"column":4},"end":{"line":56,"column":66}},{"start":{},"end":{}}]},"5":{"loc":{"start":{"line":56,"column":8},"end":{"line":56,"column":51}},"type":"binary-expr","locations":[{"start":{"line":56,"column":8},"end":{"line":56,"column":22}},{"start":{"line":56,"column":26},"end":{"line":56,"column":51}}]},"6":{"loc":{"start":{"line":75,"column":4},"end":{"line":78,"column":5}},"type":"if","locations":[{"start":{"line":75,"column":4},"end":{"line":78,"column":5}},{"start":{},"end":{}}]},"7":{"loc":{"start":{"line":88,"column":6},"end":{"line":88,"column":34}},"type":"if","locations":[{"start":{"line":88,"column":6},"end":{"line":88,"column":34}},{"start":{},"end":{}}]},"8":{"loc":{"start":{"line":90,"column":6},"end":{"line":93,"column":7}},"type":"if","locations":[{"start":{"line":90,"column":6},"end":{"line":93,"column":7}},{"start":{},"end":{}}]},"9":{"loc":{"start":{"line":97,"column":6},"end":{"line":111,"column":7}},"type":"if","locations":[{"start":{"line":97,"column":6},"end":{"line":111,"column":7}},{"start":{"line":99,"column":13},"end":{"line":111,"column":7}}]},"10":{"loc":{"start":{"line":103,"column":8},"end":{"line":107,"column":9}},"type":"if","locations":[{"start":{"line":103,"column":8},"end":{"line":107,"column":9}},{"start":{},"end":{}}]},"11":{"loc":{"start":{"line":121,"column":4},"end":{"line":123,"column":5}},"type":"if","locations":[{"start":{"line":121,"column":4},"end":{"line":123,"column":5}},{"start":{},"end":{}}]},"12":{"loc":{"start":{"line":121,"column":8},"end":{"line":121,"column":54}},"type":"binary-expr","locations":[{"start":{"line":121,"column":8},"end":{"line":121,"column":27}},{"start":{"line":121,"column":31},"end":{"line":121,"column":54}}]},"13":{"loc":{"start":{"line":125,"column":4},"end":{"line":127,"column":5}},"type":"if","locations":[{"start":{"line":125,"column":4},"end":{"line":127,"column":5}},{"start":{},"end":{}}]},"14":{"loc":{"start":{"line":131,"column":4},"end":{"line":131,"column":38}},"type":"if","locations":[{"start":{"line":131,"column":4},"end":{"line":131,"column":38}},{"start":{},"end":{}}]},"15":{"loc":{"start":{"line":134,"column":6},"end":{"line":134,"column":73}},"type":"cond-expr","locations":[{"start":{"line":134,"column":40},"end":{"line":134,"column":55}},{"start":{"line":134,"column":58},"end":{"line":134,"column":73}}]},"16":{"loc":{"start":{"line":135,"column":4},"end":{"line":135,"column":73}},"type":"if","locations":[{"start":{"line":135,"column":4},"end":{"line":135,"column":73}},{"start":{},"end":{}}]},"17":{"loc":{"start":{"line":135,"column":8},"end":{"line":135,"column":58}},"type":"binary-expr","locations":[{"start":{"line":135,"column":8},"end":{"line":135,"column":15}},{"start":{"line":135,"column":19},"end":{"line":135,"column":34}},{"start":{"line":135,"column":38},"end":{"line":135,"column":58}}]}},"s":{"0":1,"1":1,"2":11,"3":11,"4":11,"5":11,"6":11,"7":11,"8":15,"9":1,"10":14,"11":14,"12":14,"13":11,"14":14,"15":14,"16":14,"17":17,"18":14,"19":14,"20":11,"21":11,"22":14,"23":14,"24":6,"25":0,"26":6,"27":6,"28":6,"29":6,"30":6,"31":0,"32":6,"33":15,"34":15,"35":15,"36":6,"37":6,"38":1,"39":1,"40":0,"41":0,"42":0,"43":0,"44":0,"45":0,"46":0,"47":0,"48":0,"49":0,"50":0,"51":0,"52":0,"53":0,"54":0,"55":0,"56":0,"57":0,"58":0,"59":0,"60":0,"61":0,"62":0,"63":6,"64":0,"65":6,"66":6,"67":0,"68":6,"69":29,"70":32,"71":1},"f":{"0":11,"1":15,"2":14,"3":17,"4":6,"5":6,"6":0,"7":15,"8":1,"9":0,"10":0,"11":0,"12":0,"13":6,"14":29,"15":32},"b":{"0":[1,14],"1":[11,3],"2":[11,3],"3":[0,11],"4":[0,6],"5":[6,6],"6":[6,9],"7":[0,0],"8":[0,0],"9":[0,0],"10":[0,0],"11":[0,0],"12":[0,0],"13":[0,0],"14":[0,6],"15":[6,0],"16":[0,6],"17":[6,6,6]}}
,"/home/audreyer/Projet/test2/server/src/class/Piece.ts": {"path":"/home/audreyer/Projet/test2/server/src/class/Piece.ts","statementMap":{"0":{"start":{"line":2,"column":0},"end":{"line":2,"column":64}},"1":{"start":{"line":3,"column":0},"end":{"line":3,"column":null}},"2":{"start":{"line":27,"column":4},"end":{"line":27,"column":21}},"3":{"start":{"line":28,"column":4},"end":{"line":28,"column":15}},"4":{"start":{"line":29,"column":4},"end":{"line":29,"column":15}},"5":{"start":{"line":30,"column":4},"end":{"line":30,"column":29}},"6":{"start":{"line":31,"column":4},"end":{"line":31,"column":56}},"7":{"start":{"line":35,"column":4},"end":{"line":35,"column":79}},"8":{"start":{"line":39,"column":4},"end":{"line":39,"column":79}},"9":{"start":{"line":43,"column":4},"end":{"line":43,"column":79}},"10":{"start":{"line":47,"column":21},"end":{"line":52,"column":null}},"11":{"start":{"line":54,"column":4},"end":{"line":54,"column":62}},"12":{"start":{"line":56,"column":4},"end":{"line":56,"column":56}},"13":{"start":{"line":57,"column":4},"end":{"line":57,"column":20}},"14":{"start":{"line":61,"column":4},"end":{"line":64,"column":8}},"15":{"start":{"line":61,"column":38},"end":{"line":64,"column":6}},"16":{"start":{"line":68,"column":19},"end":{"line":68,"column":43}},"17":{"start":{"line":69,"column":4},"end":{"line":76,"column":6}},"18":{"start":{"line":71,"column":8},"end":{"line":75,"column":46}},"19":{"start":{"line":80,"column":4},"end":{"line":86,"column":6}},"20":{"start":{"line":13,"column":0},"end":{"line":13,"column":13}}},"fnMap":{"0":{"name":"(anonymous_0)","decl":{"start":{"line":20,"column":2},"end":{"line":20,"column":null}},"loc":{"start":{"line":25,"column":17},"end":{"line":32,"column":3}}},"1":{"name":"(anonymous_1)","decl":{"start":{"line":34,"column":2},"end":{"line":34,"column":10}},"loc":{"start":{"line":34,"column":10},"end":{"line":36,"column":3}}},"2":{"name":"(anonymous_2)","decl":{"start":{"line":38,"column":2},"end":{"line":38,"column":11}},"loc":{"start":{"line":38,"column":11},"end":{"line":40,"column":3}}},"3":{"name":"(anonymous_3)","decl":{"start":{"line":42,"column":2},"end":{"line":42,"column":10}},"loc":{"start":{"line":42,"column":10},"end":{"line":44,"column":3}}},"4":{"name":"(anonymous_4)","decl":{"start":{"line":46,"column":2},"end":{"line":46,"column":8}},"loc":{"start":{"line":46,"column":8},"end":{"line":58,"column":3}}},"5":{"name":"(anonymous_5)","decl":{"start":{"line":60,"column":2},"end":{"line":60,"column":19}},"loc":{"start":{"line":60,"column":19},"end":{"line":65,"column":3}}},"6":{"name":"(anonymous_6)","decl":{"start":{"line":61,"column":26},"end":{"line":61,"column":27}},"loc":{"start":{"line":61,"column":38},"end":{"line":64,"column":6}}},"7":{"name":"(anonymous_7)","decl":{"start":{"line":67,"column":2},"end":{"line":67,"column":17}},"loc":{"start":{"line":67,"column":30},"end":{"line":77,"column":3}}},"8":{"name":"(anonymous_8)","decl":{"start":{"line":70,"column":6},"end":{"line":70,"column":7}},"loc":{"start":{"line":71,"column":8},"end":{"line":75,"column":46}}},"9":{"name":"(anonymous_9)","decl":{"start":{"line":79,"column":2},"end":{"line":79,"column":8}},"loc":{"start":{"line":79,"column":8},"end":{"line":87,"column":3}}}},"branchMap":{"0":{"loc":{"start":{"line":22,"column":4},"end":{"line":22,"column":17}},"type":"default-arg","locations":[{"start":{"line":22,"column":16},"end":{"line":22,"column":17}}]},"1":{"loc":{"start":{"line":23,"column":4},"end":{"line":23,"column":17}},"type":"default-arg","locations":[{"start":{"line":23,"column":16},"end":{"line":23,"column":17}}]},"2":{"loc":{"start":{"line":24,"column":4},"end":{"line":24,"column":28}},"type":"default-arg","locations":[{"start":{"line":24,"column":15},"end":{"line":24,"column":28}}]},"3":{"loc":{"start":{"line":31,"column":17},"end":{"line":31,"column":55}},"type":"cond-expr","locations":[{"start":{"line":31,"column":25},"end":{"line":31,"column":30}},{"start":{"line":31,"column":33},"end":{"line":31,"column":55}}]},"4":{"loc":{"start":{"line":71,"column":8},"end":{"line":75,"column":46}},"type":"binary-expr","locations":[{"start":{"line":71,"column":8},"end":{"line":71,"column":20}},{"start":{"line":72,"column":8},"end":{"line":72,"column":33}},{"start":{"line":73,"column":8},"end":{"line":73,"column":20}},{"start":{"line":74,"column":8},"end":{"line":74,"column":30}},{"start":{"line":75,"column":8},"end":{"line":75,"column":46}}]}},"s":{"0":2,"1":2,"2":47,"3":47,"4":47,"5":47,"6":47,"7":3,"8":2,"9":18,"10":3,"11":3,"12":3,"13":3,"14":35,"15":128,"16":33,"17":33,"18":119,"19":13,"20":2},"f":{"0":47,"1":3,"2":2,"3":18,"4":3,"5":35,"6":128,"7":33,"8":119,"9":13},"b":{"0":[1],"1":[1],"2":[8],"3":[39,8],"4":[119,118,117,117,115]}}
,"/home/audreyer/Projet/test2/server/src/class/Player.ts": {"path":"/home/audreyer/Projet/test2/server/src/class/Player.ts","statementMap":{"0":{"start":{"line":2,"column":0},"end":{"line":2,"column":69}},"1":{"start":{"line":3,"column":0},"end":{"line":3,"column":32}},"2":{"start":{"line":16,"column":4},"end":{"line":16,"column":17}},"3":{"start":{"line":17,"column":4},"end":{"line":17,"column":21}},"4":{"start":{"line":18,"column":4},"end":{"line":18,"column":41}},"5":{"start":{"line":19,"column":4},"end":{"line":19,"column":29}},"6":{"start":{"line":20,"column":4},"end":{"line":20,"column":19}},"7":{"start":{"line":21,"column":4},"end":{"line":21,"column":24}},"8":{"start":{"line":22,"column":4},"end":{"line":22,"column":19}},"9":{"start":{"line":23,"column":4},"end":{"line":23,"column":21}},"10":{"start":{"line":27,"column":4},"end":{"line":29,"column":45}},"11":{"start":{"line":29,"column":17},"end":{"line":29,"column":43}},"12":{"start":{"line":33,"column":26},"end":{"line":33,"column":57}},"13":{"start":{"line":34,"column":23},"end":{"line":34,"column":70}},"14":{"start":{"line":35,"column":4},"end":{"line":35,"column":61}},"15":{"start":{"line":37,"column":4},"end":{"line":39,"column":5}},"16":{"start":{"line":38,"column":6},"end":{"line":38,"column":27}},"17":{"start":{"line":43,"column":4},"end":{"line":43,"column":35}},"18":{"start":{"line":43,"column":28},"end":{"line":43,"column":35}},"19":{"start":{"line":45,"column":21},"end":{"line":45,"column":54}},"20":{"start":{"line":45,"column":45},"end":{"line":45,"column":53}},"21":{"start":{"line":46,"column":19},"end":{"line":46,"column":56}},"22":{"start":{"line":48,"column":4},"end":{"line":52,"column":7}},"23":{"start":{"line":49,"column":6},"end":{"line":51,"column":7}},"24":{"start":{"line":50,"column":8},"end":{"line":50,"column":61}},"25":{"start":{"line":54,"column":4},"end":{"line":54,"column":26}},"26":{"start":{"line":55,"column":4},"end":{"line":55,"column":22}},"27":{"start":{"line":56,"column":4},"end":{"line":56,"column":29}},"28":{"start":{"line":60,"column":21},"end":{"line":61,"column":null}},"29":{"start":{"line":61,"column":6},"end":{"line":61,"column":45}},"30":{"start":{"line":61,"column":25},"end":{"line":61,"column":44}},"31":{"start":{"line":64,"column":25},"end":{"line":64,"column":60}},"32":{"start":{"line":65,"column":4},"end":{"line":65,"column":33}},"33":{"start":{"line":66,"column":4},"end":{"line":66,"column":37}},"34":{"start":{"line":68,"column":4},"end":{"line":70,"column":5}},"35":{"start":{"line":69,"column":6},"end":{"line":69,"column":51}},"36":{"start":{"line":72,"column":4},"end":{"line":72,"column":26}},"37":{"start":{"line":76,"column":4},"end":{"line":76,"column":41}},"38":{"start":{"line":77,"column":4},"end":{"line":77,"column":29}},"39":{"start":{"line":78,"column":4},"end":{"line":78,"column":19}},"40":{"start":{"line":79,"column":4},"end":{"line":79,"column":24}},"41":{"start":{"line":80,"column":4},"end":{"line":80,"column":21}},"42":{"start":{"line":81,"column":4},"end":{"line":81,"column":19}},"43":{"start":{"line":85,"column":4},"end":{"line":93,"column":6}},"44":{"start":{"line":5,"column":0},"end":{"line":5,"column":13}}},"fnMap":{"0":{"name":"(anonymous_0)","decl":{"start":{"line":15,"column":2},"end":{"line":15,"column":14}},"loc":{"start":{"line":15,"column":38},"end":{"line":24,"column":3}}},"1":{"name":"(anonymous_1)","decl":{"start":{"line":26,"column":10},"end":{"line":26,"column":26}},"loc":{"start":{"line":26,"column":26},"end":{"line":30,"column":3}}},"2":{"name":"(anonymous_2)","decl":{"start":{"line":29,"column":11},"end":{"line":29,"column":14}},"loc":{"start":{"line":29,"column":17},"end":{"line":29,"column":43}}},"3":{"name":"(anonymous_3)","decl":{"start":{"line":32,"column":2},"end":{"line":32,"column":12}},"loc":{"start":{"line":32,"column":12},"end":{"line":40,"column":3}}},"4":{"name":"(anonymous_4)","decl":{"start":{"line":42,"column":2},"end":{"line":42,"column":11}},"loc":{"start":{"line":42,"column":11},"end":{"line":57,"column":3}}},"5":{"name":"(anonymous_5)","decl":{"start":{"line":45,"column":36},"end":{"line":45,"column":37}},"loc":{"start":{"line":45,"column":45},"end":{"line":45,"column":53}}},"6":{"name":"(anonymous_6)","decl":{"start":{"line":48,"column":19},"end":{"line":48,"column":20}},"loc":{"start":{"line":48,"column":29},"end":{"line":52,"column":5}}},"7":{"name":"(anonymous_7)","decl":{"start":{"line":59,"column":10},"end":{"line":59,"column":20}},"loc":{"start":{"line":59,"column":20},"end":{"line":73,"column":3}}},"8":{"name":"(anonymous_8)","decl":{"start":{"line":60,"column":39},"end":{"line":60,"column":40}},"loc":{"start":{"line":61,"column":6},"end":{"line":61,"column":45}}},"9":{"name":"(anonymous_9)","decl":{"start":{"line":61,"column":15},"end":{"line":61,"column":16}},"loc":{"start":{"line":61,"column":25},"end":{"line":61,"column":44}}},"10":{"name":"(anonymous_10)","decl":{"start":{"line":75,"column":2},"end":{"line":75,"column":7}},"loc":{"start":{"line":75,"column":7},"end":{"line":82,"column":3}}},"11":{"name":"(anonymous_11)","decl":{"start":{"line":84,"column":2},"end":{"line":84,"column":8}},"loc":{"start":{"line":84,"column":8},"end":{"line":94,"column":3}}}},"branchMap":{"0":{"loc":{"start":{"line":37,"column":4},"end":{"line":39,"column":5}},"type":"if","locations":[{"start":{"line":37,"column":4},"end":{"line":39,"column":5}},{"start":{},"end":{}}]},"1":{"loc":{"start":{"line":37,"column":8},"end":{"line":37,"column":75}},"type":"binary-expr","locations":[{"start":{"line":37,"column":8},"end":{"line":37,"column":25}},{"start":{"line":37,"column":29},"end":{"line":37,"column":75}}]},"2":{"loc":{"start":{"line":43,"column":4},"end":{"line":43,"column":35}},"type":"if","locations":[{"start":{"line":43,"column":4},"end":{"line":43,"column":35}},{"start":{},"end":{}}]},"3":{"loc":{"start":{"line":49,"column":6},"end":{"line":51,"column":7}},"type":"if","locations":[{"start":{"line":49,"column":6},"end":{"line":51,"column":7}},{"start":{},"end":{}}]},"4":{"loc":{"start":{"line":49,"column":10},"end":{"line":49,"column":51}},"type":"binary-expr","locations":[{"start":{"line":49,"column":10},"end":{"line":49,"column":22}},{"start":{"line":49,"column":26},"end":{"line":49,"column":51}}]},"5":{"loc":{"start":{"line":91,"column":20},"end":{"line":91,"column":55}},"type":"binary-expr","locations":[{"start":{"line":91,"column":20},"end":{"line":91,"column":47}},{"start":{"line":91,"column":51},"end":{"line":91,"column":55}}]}},"s":{"0":1,"1":1,"2":14,"3":14,"4":14,"5":14,"6":14,"7":14,"8":14,"9":14,"10":20,"11":400,"12":7,"13":7,"14":7,"15":7,"16":0,"17":1,"18":0,"19":1,"20":20,"21":1,"22":1,"23":4,"24":4,"25":1,"26":1,"27":1,"28":1,"29":20,"30":20,"31":1,"32":1,"33":1,"34":1,"35":0,"36":1,"37":6,"38":6,"39":6,"40":6,"41":6,"42":6,"43":32,"44":1},"f":{"0":14,"1":20,"2":400,"3":7,"4":1,"5":20,"6":4,"7":1,"8":20,"9":20,"10":6,"11":32},"b":{"0":[0,7],"1":[7,7],"2":[0,1],"3":[4,0],"4":[4,4],"5":[32,20]}}
,"/home/audreyer/Projet/test2/server/src/domain/ApplyMove.ts": {"path":"/home/audreyer/Projet/test2/server/src/domain/ApplyMove.ts","statementMap":{"0":{"start":{"line":6,"column":0},"end":{"line":6,"column":16}},"1":{"start":{"line":8,"column":2},"end":{"line":8,"column":41}},"2":{"start":{"line":8,"column":28},"end":{"line":8,"column":41}},"3":{"start":{"line":9,"column":2},"end":{"line":50,"column":3}},"4":{"start":{"line":11,"column":6},"end":{"line":11,"column":48}},"5":{"start":{"line":12,"column":6},"end":{"line":12,"column":12}},"6":{"start":{"line":14,"column":6},"end":{"line":14,"column":49}},"7":{"start":{"line":15,"column":6},"end":{"line":15,"column":12}},"8":{"start":{"line":17,"column":6},"end":{"line":17,"column":48}},"9":{"start":{"line":18,"column":6},"end":{"line":23,"column":7}},"10":{"start":{"line":19,"column":8},"end":{"line":19,"column":39}},"11":{"start":{"line":21,"column":8},"end":{"line":21,"column":27}},"12":{"start":{"line":22,"column":8},"end":{"line":22,"column":28}},"13":{"start":{"line":24,"column":6},"end":{"line":24,"column":18}},"14":{"start":{"line":26,"column":6},"end":{"line":26,"column":46}},"15":{"start":{"line":27,"column":6},"end":{"line":27,"column":12}},"16":{"start":{"line":29,"column":27},"end":{"line":29,"column":31}},"17":{"start":{"line":30,"column":34},"end":{"line":30,"column":38}},"18":{"start":{"line":31,"column":6},"end":{"line":31,"column":48}},"19":{"start":{"line":32,"column":6},"end":{"line":39,"column":7}},"20":{"start":{"line":33,"column":8},"end":{"line":38,"column":9}},"21":{"start":{"line":34,"column":10},"end":{"line":34,"column":29}},"22":{"start":{"line":35,"column":10},"end":{"line":35,"column":40}},"23":{"start":{"line":37,"column":10},"end":{"line":37,"column":24}},"24":{"start":{"line":40,"column":6},"end":{"line":45,"column":7}},"25":{"start":{"line":41,"column":8},"end":{"line":41,"column":38}},"26":{"start":{"line":42,"column":8},"end":{"line":42,"column":27}},"27":{"start":{"line":43,"column":8},"end":{"line":43,"column":28}},"28":{"start":{"line":44,"column":8},"end":{"line":44,"column":20}},"29":{"start":{"line":46,"column":6},"end":{"line":46,"column":19}},"30":{"start":{"line":49,"column":6},"end":{"line":49,"column":19}},"31":{"start":{"line":52,"column":2},"end":{"line":55,"column":3}},"32":{"start":{"line":53,"column":4},"end":{"line":53,"column":35}},"33":{"start":{"line":54,"column":4},"end":{"line":54,"column":16}},"34":{"start":{"line":57,"column":2},"end":{"line":57,"column":15}}},"fnMap":{"0":{"name":"applyMove","decl":{"start":{"line":6,"column":16},"end":{"line":6,"column":25}},"loc":{"start":{"line":6,"column":56},"end":{"line":58,"column":1}}}},"branchMap":{"0":{"loc":{"start":{"line":8,"column":2},"end":{"line":8,"column":41}},"type":"if","locations":[{"start":{"line":8,"column":2},"end":{"line":8,"column":41}},{"start":{},"end":{}}]},"1":{"loc":{"start":{"line":9,"column":2},"end":{"line":50,"column":3}},"type":"switch","locations":[{"start":{"line":10,"column":4},"end":{"line":12,"column":12}},{"start":{"line":13,"column":4},"end":{"line":15,"column":12}},{"start":{"line":16,"column":4},"end":{"line":24,"column":18}},{"start":{"line":25,"column":4},"end":{"line":27,"column":12}},{"start":{"line":28,"column":4},"end":{"line":46,"column":19}},{"start":{"line":48,"column":4},"end":{"line":49,"column":19}}]},"2":{"loc":{"start":{"line":18,"column":6},"end":{"line":23,"column":7}},"type":"if","locations":[{"start":{"line":18,"column":6},"end":{"line":23,"column":7}},{"start":{"line":20,"column":13},"end":{"line":23,"column":7}}]},"3":{"loc":{"start":{"line":33,"column":8},"end":{"line":38,"column":9}},"type":"if","locations":[{"start":{"line":33,"column":8},"end":{"line":38,"column":9}},{"start":{"line":36,"column":15},"end":{"line":38,"column":9}}]},"4":{"loc":{"start":{"line":40,"column":6},"end":{"line":45,"column":7}},"type":"if","locations":[{"start":{"line":40,"column":6},"end":{"line":45,"column":7}},{"start":{},"end":{}}]},"5":{"loc":{"start":{"line":52,"column":2},"end":{"line":55,"column":3}},"type":"if","locations":[{"start":{"line":52,"column":2},"end":{"line":55,"column":3}},{"start":{},"end":{}}]}},"s":{"0":1,"1":6,"2":0,"3":6,"4":2,"5":2,"6":1,"7":1,"8":1,"9":1,"10":1,"11":0,"12":0,"13":1,"14":1,"15":1,"16":1,"17":1,"18":1,"19":1,"20":16,"21":15,"22":15,"23":1,"24":1,"25":1,"26":1,"27":1,"28":1,"29":0,"30":0,"31":4,"32":4,"33":4,"34":0},"f":{"0":6},"b":{"0":[0,6],"1":[2,1,1,1,1,0],"2":[1,0],"3":[15,1],"4":[1,0],"5":[4,0]}}
,"/home/audreyer/Projet/test2/server/src/domain/shape.ts": {"path":"/home/audreyer/Projet/test2/server/src/domain/shape.ts","statementMap":{"0":{"start":{"line":3,"column":0},"end":{"line":3,"column":16}},"1":{"start":{"line":50,"column":0},"end":{"line":50,"column":16}},"2":{"start":{"line":1,"column":0},"end":{"line":1,"column":73}},"3":{"start":{"line":4,"column":45},"end":{"line":47,"column":4}},"4":{"start":{"line":48,"column":2},"end":{"line":48,"column":31}},"5":{"start":{"line":52,"column":2},"end":{"line":54,"column":3}},"6":{"start":{"line":53,"column":4},"end":{"line":53,"column":18}},"7":{"start":{"line":57,"column":2},"end":{"line":68,"column":3}},"8":{"start":{"line":58,"column":4},"end":{"line":58,"column":23}},"9":{"start":{"line":59,"column":4},"end":{"line":67,"column":10}},"10":{"start":{"line":60,"column":23},"end":{"line":63,"column":8}},"11":{"start":{"line":64,"column":23},"end":{"line":67,"column":8}},"12":{"start":{"line":71,"column":2},"end":{"line":74,"column":6}},"13":{"start":{"line":71,"column":32},"end":{"line":74,"column":4}}},"fnMap":{"0":{"name":"getShapeTemplate","decl":{"start":{"line":3,"column":16},"end":{"line":3,"column":32}},"loc":{"start":{"line":3,"column":43},"end":{"line":49,"column":1}}},"1":{"name":"rotateShape","decl":{"start":{"line":50,"column":16},"end":{"line":50,"column":27}},"loc":{"start":{"line":50,"column":53},"end":{"line":75,"column":1}}},"2":{"name":"(anonymous_2)","decl":{"start":{"line":60,"column":11},"end":{"line":60,"column":12}},"loc":{"start":{"line":60,"column":23},"end":{"line":63,"column":8}}},"3":{"name":"(anonymous_3)","decl":{"start":{"line":64,"column":11},"end":{"line":64,"column":12}},"loc":{"start":{"line":64,"column":23},"end":{"line":67,"column":8}}},"4":{"name":"(anonymous_4)","decl":{"start":{"line":71,"column":20},"end":{"line":71,"column":21}},"loc":{"start":{"line":71,"column":32},"end":{"line":74,"column":4}}}},"branchMap":{"0":{"loc":{"start":{"line":48,"column":9},"end":{"line":48,"column":30}},"type":"binary-expr","locations":[{"start":{"line":48,"column":9},"end":{"line":48,"column":24}},{"start":{"line":48,"column":28},"end":{"line":48,"column":30}}]},"1":{"loc":{"start":{"line":52,"column":2},"end":{"line":54,"column":3}},"type":"if","locations":[{"start":{"line":52,"column":2},"end":{"line":54,"column":3}},{"start":{},"end":{}}]},"2":{"loc":{"start":{"line":57,"column":2},"end":{"line":68,"column":3}},"type":"if","locations":[{"start":{"line":57,"column":2},"end":{"line":68,"column":3}},{"start":{},"end":{}}]}},"s":{"0":1,"1":1,"2":1,"3":7,"4":7,"5":1,"6":0,"7":1,"8":1,"9":1,"10":4,"11":4,"12":0,"13":0},"f":{"0":7,"1":1,"2":4,"3":4,"4":0},"b":{"0":[7,0],"1":[0,1],"2":[1,0]}}
,"/home/audreyer/Projet/test2/server/src/types/types.ts": {"path":"/home/audreyer/Projet/test2/server/src/types/types.ts","statementMap":{"0":{"start":{"line":13,"column":13},"end":{"line":13,"column":38}},"1":{"start":{"line":14,"column":13},"end":{"line":14,"column":38}},"2":{"start":{"line":15,"column":13},"end":{"line":15,"column":38}},"3":{"start":{"line":16,"column":13},"end":{"line":16,"column":38}},"4":{"start":{"line":17,"column":13},"end":{"line":17,"column":38}},"5":{"start":{"line":18,"column":13},"end":{"line":18,"column":38}},"6":{"start":{"line":19,"column":13},"end":{"line":19,"column":38}},"7":{"start":{"line":20,"column":13},"end":{"line":20,"column":42}},"8":{"start":{"line":21,"column":13},"end":{"line":21,"column":42}}},"fnMap":{},"branchMap":{},"s":{"0":2,"1":2,"2":2,"3":2,"4":2,"5":2,"6":2,"7":2,"8":2},"f":{},"b":{}}
}
