{"/home/audreyer/Projet/test2/server/src/index.js": {"path":"/home/audreyer/Projet/test2/server/src/index.js","statementMap":{"0":{"start":{"line":6,"column":19},"end":{"line":6,"column":28}},"1":{"start":{"line":7,"column":26},"end":{"line":7,"column":43}},"2":{"start":{"line":8,"column":18},"end":{"line":13,"column":2}},"3":{"start":{"line":15,"column":14},"end":{"line":15,"column":23}},"4":{"start":{"line":17,"column":0},"end":{"line":75,"column":3}},"5":{"start":{"line":18,"column":2},"end":{"line":18,"column":46}},"6":{"start":{"line":20,"column":2},"end":{"line":36,"column":5}},"7":{"start":{"line":21,"column":15},"end":{"line":21,"column":32}},"8":{"start":{"line":23,"column":4},"end":{"line":28,"column":5}},"9":{"start":{"line":24,"column":6},"end":{"line":26,"column":8}},"10":{"start":{"line":25,"column":8},"end":{"line":25,"column":50}},"11":{"start":{"line":27,"column":6},"end":{"line":27,"column":30}},"12":{"start":{"line":30,"column":4},"end":{"line":35,"column":5}},"13":{"start":{"line":31,"column":6},"end":{"line":31,"column":26}},"14":{"start":{"line":32,"column":6},"end":{"line":32,"column":55}},"15":{"start":{"line":34,"column":6},"end":{"line":34,"column":62}},"16":{"start":{"line":38,"column":2},"end":{"line":45,"column":5}},"17":{"start":{"line":39,"column":17},"end":{"line":39,"column":34}},"18":{"start":{"line":40,"column":4},"end":{"line":44,"column":5}},"19":{"start":{"line":41,"column":6},"end":{"line":43,"column":7}},"20":{"start":{"line":42,"column":8},"end":{"line":42,"column":57}},"21":{"start":{"line":47,"column":2},"end":{"line":52,"column":5}},"22":{"start":{"line":48,"column":17},"end":{"line":48,"column":34}},"23":{"start":{"line":49,"column":4},"end":{"line":51,"column":5}},"24":{"start":{"line":50,"column":6},"end":{"line":50,"column":55}},"25":{"start":{"line":54,"column":2},"end":{"line":61,"column":5}},"26":{"start":{"line":55,"column":17},"end":{"line":55,"column":34}},"27":{"start":{"line":56,"column":4},"end":{"line":60,"column":5}},"28":{"start":{"line":57,"column":6},"end":{"line":59,"column":7}},"29":{"start":{"line":58,"column":8},"end":{"line":58,"column":57}},"30":{"start":{"line":63,"column":2},"end":{"line":74,"column":5}},"31":{"start":{"line":64,"column":4},"end":{"line":73,"column":7}},"32":{"start":{"line":65,"column":6},"end":{"line":72,"column":7}},"33":{"start":{"line":65,"column":40},"end":{"line":65,"column":63}},"34":{"start":{"line":66,"column":8},"end":{"line":66,"column":37}},"35":{"start":{"line":67,"column":8},"end":{"line":71,"column":9}},"36":{"start":{"line":68,"column":10},"end":{"line":68,"column":31}},"37":{"start":{"line":70,"column":10},"end":{"line":70,"column":59}},"38":{"start":{"line":78,"column":2},"end":{"line":80,"column":5}},"39":{"start":{"line":79,"column":4},"end":{"line":79,"column":50}},"40":{"start":{"line":83,"column":0},"end":{"line":85,"column":1}},"41":{"start":{"line":84,"column":2},"end":{"line":84,"column":10}}},"fnMap":{"0":{"name":"(anonymous_0)","decl":{"start":{"line":17,"column":20},"end":{"line":17,"column":21}},"loc":{"start":{"line":17,"column":32},"end":{"line":75,"column":1}},"line":17},"1":{"name":"(anonymous_1)","decl":{"start":{"line":20,"column":24},"end":{"line":20,"column":25}},"loc":{"start":{"line":20,"column":52},"end":{"line":36,"column":3}},"line":20},"2":{"name":"(anonymous_2)","decl":{"start":{"line":24,"column":30},"end":{"line":24,"column":31}},"loc":{"start":{"line":25,"column":8},"end":{"line":25,"column":50}},"line":25},"3":{"name":"(anonymous_3)","decl":{"start":{"line":38,"column":25},"end":{"line":38,"column":26}},"loc":{"start":{"line":38,"column":41},"end":{"line":45,"column":3}},"line":38},"4":{"name":"(anonymous_4)","decl":{"start":{"line":47,"column":22},"end":{"line":47,"column":23}},"loc":{"start":{"line":47,"column":46},"end":{"line":52,"column":3}},"line":47},"5":{"name":"(anonymous_5)","decl":{"start":{"line":54,"column":27},"end":{"line":54,"column":28}},"loc":{"start":{"line":54,"column":43},"end":{"line":61,"column":3}},"line":54},"6":{"name":"(anonymous_6)","decl":{"start":{"line":63,"column":26},"end":{"line":63,"column":27}},"loc":{"start":{"line":63,"column":32},"end":{"line":74,"column":3}},"line":63},"7":{"name":"(anonymous_7)","decl":{"start":{"line":64,"column":18},"end":{"line":64,"column":19}},"loc":{"start":{"line":64,"column":36},"end":{"line":73,"column":5}},"line":64},"8":{"name":"(anonymous_8)","decl":{"start":{"line":65,"column":28},"end":{"line":65,"column":29}},"loc":{"start":{"line":65,"column":40},"end":{"line":65,"column":63}},"line":65},"9":{"name":"start","decl":{"start":{"line":77,"column":16},"end":{"line":77,"column":21}},"loc":{"start":{"line":77,"column":55},"end":{"line":81,"column":1}},"line":77},"10":{"name":"(anonymous_10)","decl":{"start":{"line":78,"column":33},"end":{"line":78,"column":34}},"loc":{"start":{"line":78,"column":39},"end":{"line":80,"column":3}},"line":78}},"branchMap":{"0":{"loc":{"start":{"line":23,"column":4},"end":{"line":28,"column":5}},"type":"if","locations":[{"start":{"line":23,"column":4},"end":{"line":28,"column":5}},{"start":{},"end":{}}],"line":23},"1":{"loc":{"start":{"line":30,"column":4},"end":{"line":35,"column":5}},"type":"if","locations":[{"start":{"line":30,"column":4},"end":{"line":35,"column":5}},{"start":{"line":33,"column":11},"end":{"line":35,"column":5}}],"line":30},"2":{"loc":{"start":{"line":40,"column":4},"end":{"line":44,"column":5}},"type":"if","locations":[{"start":{"line":40,"column":4},"end":{"line":44,"column":5}},{"start":{},"end":{}}],"line":40},"3":{"loc":{"start":{"line":40,"column":8},"end":{"line":40,"column":41}},"type":"binary-expr","locations":[{"start":{"line":40,"column":8},"end":{"line":40,"column":12}},{"start":{"line":40,"column":16},"end":{"line":40,"column":41}}],"line":40},"4":{"loc":{"start":{"line":41,"column":6},"end":{"line":43,"column":7}},"type":"if","locations":[{"start":{"line":41,"column":6},"end":{"line":43,"column":7}},{"start":{},"end":{}}],"line":41},"5":{"loc":{"start":{"line":49,"column":4},"end":{"line":51,"column":5}},"type":"if","locations":[{"start":{"line":49,"column":4},"end":{"line":51,"column":5}},{"start":{},"end":{}}],"line":49},"6":{"loc":{"start":{"line":49,"column":8},"end":{"line":49,"column":52}},"type":"binary-expr","locations":[{"start":{"line":49,"column":8},"end":{"line":49,"column":12}},{"start":{"line":49,"column":16},"end":{"line":49,"column":52}}],"line":49},"7":{"loc":{"start":{"line":56,"column":4},"end":{"line":60,"column":5}},"type":"if","locations":[{"start":{"line":56,"column":4},"end":{"line":60,"column":5}},{"start":{},"end":{}}],"line":56},"8":{"loc":{"start":{"line":56,"column":8},"end":{"line":56,"column":41}},"type":"binary-expr","locations":[{"start":{"line":56,"column":8},"end":{"line":56,"column":12}},{"start":{"line":56,"column":16},"end":{"line":56,"column":41}}],"line":56},"9":{"loc":{"start":{"line":57,"column":6},"end":{"line":59,"column":7}},"type":"if","locations":[{"start":{"line":57,"column":6},"end":{"line":59,"column":7}},{"start":{},"end":{}}],"line":57},"10":{"loc":{"start":{"line":65,"column":6},"end":{"line":72,"column":7}},"type":"if","locations":[{"start":{"line":65,"column":6},"end":{"line":72,"column":7}},{"start":{},"end":{}}],"line":65},"11":{"loc":{"start":{"line":67,"column":8},"end":{"line":71,"column":9}},"type":"if","locations":[{"start":{"line":67,"column":8},"end":{"line":71,"column":9}},{"start":{"line":69,"column":15},"end":{"line":71,"column":9}}],"line":67},"12":{"loc":{"start":{"line":77,"column":22},"end":{"line":77,"column":53}},"type":"default-arg","locations":[{"start":{"line":77,"column":29},"end":{"line":77,"column":53}}],"line":77},"13":{"loc":{"start":{"line":77,"column":29},"end":{"line":77,"column":53}},"type":"binary-expr","locations":[{"start":{"line":77,"column":29},"end":{"line":77,"column":45}},{"start":{"line":77,"column":49},"end":{"line":77,"column":53}}],"line":77},"14":{"loc":{"start":{"line":83,"column":0},"end":{"line":85,"column":1}},"type":"if","locations":[{"start":{"line":83,"column":0},"end":{"line":85,"column":1}},{"start":{},"end":{}}],"line":83}},"s":{"0":1,"1":1,"2":1,"3":1,"4":1,"5":17,"6":17,"7":15,"8":15,"9":11,"10":0,"11":11,"12":15,"13":14,"14":14,"15":1,"16":17,"17":6,"18":6,"19":5,"20":5,"21":17,"22":6,"23":6,"24":6,"25":17,"26":1,"27":1,"28":1,"29":1,"30":17,"31":17,"32":15,"33":18,"34":14,"35":14,"36":11,"37":3,"38":1,"39":1,"40":1,"41":0},"f":{"0":17,"1":15,"2":0,"3":6,"4":6,"5":1,"6":17,"7":15,"8":18,"9":1,"10":1},"b":{"0":[11,4],"1":[14,1],"2":[5,1],"3":[6,6],"4":[5,0],"5":[6,0],"6":[6,6],"7":[1,0],"8":[1,1],"9":[1,0],"10":[14,1],"11":[11,3],"12":[0],"13":[0,0],"14":[0,1]},"_coverageSchema":"1a1c01bbd47fc00a2c39e90264f33305004495a9","hash":"eabe1842fec9d159acece6758294be6ff4f6b399"}
,"/home/audreyer/Projet/test2/server/src/class/Game.js": {"path":"/home/audreyer/Projet/test2/server/src/class/Game.js","statementMap":{"0":{"start":{"line":6,"column":2},"end":{"line":9,"column":4}},"1":{"start":{"line":7,"column":4},"end":{"line":7,"column":39}},"2":{"start":{"line":8,"column":4},"end":{"line":8,"column":35}},"3":{"start":{"line":21,"column":4},"end":{"line":21,"column":17}},"4":{"start":{"line":22,"column":4},"end":{"line":22,"column":22}},"5":{"start":{"line":23,"column":4},"end":{"line":23,"column":23}},"6":{"start":{"line":24,"column":4},"end":{"line":24,"column":27}},"7":{"start":{"line":25,"column":4},"end":{"line":25,"column":29}},"8":{"start":{"line":26,"column":4},"end":{"line":26,"column":49}},"9":{"start":{"line":30,"column":4},"end":{"line":30,"column":37}},"10":{"start":{"line":30,"column":24},"end":{"line":30,"column":37}},"11":{"start":{"line":32,"column":19},"end":{"line":32,"column":63}},"12":{"start":{"line":33,"column":4},"end":{"line":33,"column":30}},"13":{"start":{"line":35,"column":4},"end":{"line":37,"column":5}},"14":{"start":{"line":36,"column":6},"end":{"line":36,"column":29}},"15":{"start":{"line":39,"column":4},"end":{"line":39,"column":16}},"16":{"start":{"line":43,"column":4},"end":{"line":43,"column":75}},"17":{"start":{"line":43,"column":51},"end":{"line":43,"column":73}},"18":{"start":{"line":44,"column":4},"end":{"line":47,"column":5}},"19":{"start":{"line":45,"column":31},"end":{"line":45,"column":55}},"20":{"start":{"line":46,"column":6},"end":{"line":46,"column":80}},"21":{"start":{"line":48,"column":4},"end":{"line":48,"column":45}},"22":{"start":{"line":48,"column":33},"end":{"line":48,"column":45}},"23":{"start":{"line":52,"column":15},"end":{"line":52,"column":57}},"24":{"start":{"line":53,"column":4},"end":{"line":53,"column":66}},"25":{"start":{"line":53,"column":53},"end":{"line":53,"column":66}},"26":{"start":{"line":55,"column":4},"end":{"line":55,"column":26}},"27":{"start":{"line":56,"column":4},"end":{"line":60,"column":7}},"28":{"start":{"line":57,"column":6},"end":{"line":57,"column":21}},"29":{"start":{"line":58,"column":6},"end":{"line":58,"column":49}},"30":{"start":{"line":59,"column":6},"end":{"line":59,"column":26}},"31":{"start":{"line":62,"column":4},"end":{"line":65,"column":13}},"32":{"start":{"line":63,"column":6},"end":{"line":63,"column":18}},"33":{"start":{"line":64,"column":6},"end":{"line":64,"column":47}},"34":{"start":{"line":67,"column":4},"end":{"line":67,"column":16}},"35":{"start":{"line":71,"column":4},"end":{"line":71,"column":27}},"36":{"start":{"line":72,"column":4},"end":{"line":75,"column":5}},"37":{"start":{"line":73,"column":6},"end":{"line":73,"column":39}},"38":{"start":{"line":74,"column":6},"end":{"line":74,"column":31}},"39":{"start":{"line":79,"column":4},"end":{"line":79,"column":16}},"40":{"start":{"line":80,"column":4},"end":{"line":80,"column":24}},"41":{"start":{"line":84,"column":4},"end":{"line":100,"column":7}},"42":{"start":{"line":85,"column":6},"end":{"line":85,"column":34}},"43":{"start":{"line":85,"column":27},"end":{"line":85,"column":34}},"44":{"start":{"line":87,"column":6},"end":{"line":90,"column":7}},"45":{"start":{"line":88,"column":8},"end":{"line":88,"column":28}},"46":{"start":{"line":89,"column":8},"end":{"line":89,"column":15}},"47":{"start":{"line":92,"column":25},"end":{"line":92,"column":55}},"48":{"start":{"line":94,"column":6},"end":{"line":99,"column":7}},"49":{"start":{"line":95,"column":8},"end":{"line":95,"column":41}},"50":{"start":{"line":97,"column":8},"end":{"line":97,"column":27}},"51":{"start":{"line":98,"column":8},"end":{"line":98,"column":28}},"52":{"start":{"line":101,"column":4},"end":{"line":103,"column":7}},"53":{"start":{"line":102,"column":6},"end":{"line":102,"column":23}},"54":{"start":{"line":104,"column":4},"end":{"line":108,"column":7}},"55":{"start":{"line":105,"column":6},"end":{"line":107,"column":9}},"56":{"start":{"line":106,"column":8},"end":{"line":106,"column":57}},"57":{"start":{"line":106,"column":27},"end":{"line":106,"column":57}},"58":{"start":{"line":110,"column":4},"end":{"line":110,"column":25}},"59":{"start":{"line":114,"column":25},"end":{"line":116,"column":5}},"60":{"start":{"line":115,"column":13},"end":{"line":115,"column":22}},"61":{"start":{"line":117,"column":4},"end":{"line":119,"column":5}},"62":{"start":{"line":118,"column":6},"end":{"line":118,"column":18}},"63":{"start":{"line":123,"column":4},"end":{"line":123,"column":38}},"64":{"start":{"line":123,"column":25},"end":{"line":123,"column":38}},"65":{"start":{"line":125,"column":19},"end":{"line":125,"column":68}},"66":{"start":{"line":125,"column":47},"end":{"line":125,"column":67}},"67":{"start":{"line":126,"column":4},"end":{"line":126,"column":73}},"68":{"start":{"line":126,"column":60},"end":{"line":126,"column":73}},"69":{"start":{"line":127,"column":15},"end":{"line":127,"column":40}},"70":{"start":{"line":128,"column":4},"end":{"line":130,"column":7}},"71":{"start":{"line":129,"column":6},"end":{"line":129,"column":23}},"72":{"start":{"line":132,"column":4},"end":{"line":136,"column":7}},"73":{"start":{"line":133,"column":6},"end":{"line":135,"column":9}},"74":{"start":{"line":134,"column":8},"end":{"line":134,"column":57}},"75":{"start":{"line":134,"column":27},"end":{"line":134,"column":57}},"76":{"start":{"line":138,"column":4},"end":{"line":138,"column":25}},"77":{"start":{"line":140,"column":4},"end":{"line":140,"column":16}},"78":{"start":{"line":144,"column":4},"end":{"line":149,"column":6}}},"fnMap":{"0":{"name":"createSeededRandom","decl":{"start":{"line":5,"column":9},"end":{"line":5,"column":27}},"loc":{"start":{"line":5,"column":34},"end":{"line":10,"column":1}},"line":5},"1":{"name":"(anonymous_1)","decl":{"start":{"line":6,"column":9},"end":{"line":6,"column":10}},"loc":{"start":{"line":6,"column":21},"end":{"line":9,"column":3}},"line":6},"2":{"name":"(anonymous_2)","decl":{"start":{"line":20,"column":2},"end":{"line":20,"column":3}},"loc":{"start":{"line":20,"column":38},"end":{"line":27,"column":3}},"line":20},"3":{"name":"(anonymous_3)","decl":{"start":{"line":29,"column":2},"end":{"line":29,"column":3}},"loc":{"start":{"line":29,"column":34},"end":{"line":40,"column":3}},"line":29},"4":{"name":"(anonymous_4)","decl":{"start":{"line":42,"column":2},"end":{"line":42,"column":3}},"loc":{"start":{"line":42,"column":25},"end":{"line":49,"column":3}},"line":42},"5":{"name":"(anonymous_5)","decl":{"start":{"line":43,"column":39},"end":{"line":43,"column":40}},"loc":{"start":{"line":43,"column":51},"end":{"line":43,"column":73}},"line":43},"6":{"name":"(anonymous_6)","decl":{"start":{"line":51,"column":2},"end":{"line":51,"column":3}},"loc":{"start":{"line":51,"column":10},"end":{"line":68,"column":3}},"line":51},"7":{"name":"(anonymous_7)","decl":{"start":{"line":56,"column":25},"end":{"line":56,"column":26}},"loc":{"start":{"line":56,"column":37},"end":{"line":60,"column":5}},"line":56},"8":{"name":"(anonymous_8)","decl":{"start":{"line":62,"column":36},"end":{"line":62,"column":37}},"loc":{"start":{"line":62,"column":42},"end":{"line":65,"column":5}},"line":62},"9":{"name":"(anonymous_9)","decl":{"start":{"line":70,"column":2},"end":{"line":70,"column":3}},"loc":{"start":{"line":70,"column":9},"end":{"line":76,"column":3}},"line":70},"10":{"name":"(anonymous_10)","decl":{"start":{"line":78,"column":2},"end":{"line":78,"column":3}},"loc":{"start":{"line":78,"column":12},"end":{"line":81,"column":3}},"line":78},"11":{"name":"(anonymous_11)","decl":{"start":{"line":83,"column":2},"end":{"line":83,"column":3}},"loc":{"start":{"line":83,"column":9},"end":{"line":111,"column":3}},"line":83},"12":{"name":"(anonymous_12)","decl":{"start":{"line":84,"column":25},"end":{"line":84,"column":26}},"loc":{"start":{"line":84,"column":47},"end":{"line":100,"column":5}},"line":84},"13":{"name":"(anonymous_13)","decl":{"start":{"line":101,"column":25},"end":{"line":101,"column":26}},"loc":{"start":{"line":101,"column":37},"end":{"line":103,"column":5}},"line":101},"14":{"name":"(anonymous_14)","decl":{"start":{"line":104,"column":25},"end":{"line":104,"column":26}},"loc":{"start":{"line":104,"column":41},"end":{"line":108,"column":5}},"line":104},"15":{"name":"(anonymous_15)","decl":{"start":{"line":105,"column":27},"end":{"line":105,"column":28}},"loc":{"start":{"line":105,"column":47},"end":{"line":107,"column":7}},"line":105},"16":{"name":"(anonymous_16)","decl":{"start":{"line":113,"column":2},"end":{"line":113,"column":3}},"loc":{"start":{"line":113,"column":18},"end":{"line":120,"column":3}},"line":113},"17":{"name":"(anonymous_17)","decl":{"start":{"line":115,"column":6},"end":{"line":115,"column":7}},"loc":{"start":{"line":115,"column":13},"end":{"line":115,"column":22}},"line":115},"18":{"name":"(anonymous_18)","decl":{"start":{"line":122,"column":2},"end":{"line":122,"column":3}},"loc":{"start":{"line":122,"column":33},"end":{"line":141,"column":3}},"line":122},"19":{"name":"(anonymous_19)","decl":{"start":{"line":125,"column":37},"end":{"line":125,"column":38}},"loc":{"start":{"line":125,"column":47},"end":{"line":125,"column":67}},"line":125},"20":{"name":"(anonymous_20)","decl":{"start":{"line":128,"column":25},"end":{"line":128,"column":26}},"loc":{"start":{"line":128,"column":37},"end":{"line":130,"column":5}},"line":128},"21":{"name":"(anonymous_21)","decl":{"start":{"line":132,"column":25},"end":{"line":132,"column":26}},"loc":{"start":{"line":132,"column":41},"end":{"line":136,"column":5}},"line":132},"22":{"name":"(anonymous_22)","decl":{"start":{"line":133,"column":27},"end":{"line":133,"column":28}},"loc":{"start":{"line":133,"column":47},"end":{"line":135,"column":7}},"line":133},"23":{"name":"(anonymous_23)","decl":{"start":{"line":143,"column":2},"end":{"line":143,"column":3}},"loc":{"start":{"line":143,"column":13},"end":{"line":150,"column":3}},"line":143}},"branchMap":{"0":{"loc":{"start":{"line":30,"column":4},"end":{"line":30,"column":37}},"type":"if","locations":[{"start":{"line":30,"column":4},"end":{"line":30,"column":37}},{"start":{},"end":{}}],"line":30},"1":{"loc":{"start":{"line":35,"column":4},"end":{"line":37,"column":5}},"type":"if","locations":[{"start":{"line":35,"column":4},"end":{"line":37,"column":5}},{"start":{},"end":{}}],"line":35},"2":{"loc":{"start":{"line":44,"column":4},"end":{"line":47,"column":5}},"type":"if","locations":[{"start":{"line":44,"column":4},"end":{"line":47,"column":5}},{"start":{},"end":{}}],"line":44},"3":{"loc":{"start":{"line":46,"column":20},"end":{"line":46,"column":79}},"type":"cond-expr","locations":[{"start":{"line":46,"column":50},"end":{"line":46,"column":72}},{"start":{"line":46,"column":75},"end":{"line":46,"column":79}}],"line":46},"4":{"loc":{"start":{"line":48,"column":4},"end":{"line":48,"column":45}},"type":"if","locations":[{"start":{"line":48,"column":4},"end":{"line":48,"column":45}},{"start":{},"end":{}}],"line":48},"5":{"loc":{"start":{"line":53,"column":4},"end":{"line":53,"column":66}},"type":"if","locations":[{"start":{"line":53,"column":4},"end":{"line":53,"column":66}},{"start":{},"end":{}}],"line":53},"6":{"loc":{"start":{"line":53,"column":8},"end":{"line":53,"column":51}},"type":"binary-expr","locations":[{"start":{"line":53,"column":8},"end":{"line":53,"column":22}},{"start":{"line":53,"column":26},"end":{"line":53,"column":51}}],"line":53},"7":{"loc":{"start":{"line":72,"column":4},"end":{"line":75,"column":5}},"type":"if","locations":[{"start":{"line":72,"column":4},"end":{"line":75,"column":5}},{"start":{},"end":{}}],"line":72},"8":{"loc":{"start":{"line":85,"column":6},"end":{"line":85,"column":34}},"type":"if","locations":[{"start":{"line":85,"column":6},"end":{"line":85,"column":34}},{"start":{},"end":{}}],"line":85},"9":{"loc":{"start":{"line":87,"column":6},"end":{"line":90,"column":7}},"type":"if","locations":[{"start":{"line":87,"column":6},"end":{"line":90,"column":7}},{"start":{},"end":{}}],"line":87},"10":{"loc":{"start":{"line":94,"column":6},"end":{"line":99,"column":7}},"type":"if","locations":[{"start":{"line":94,"column":6},"end":{"line":99,"column":7}},{"start":{"line":96,"column":13},"end":{"line":99,"column":7}}],"line":94},"11":{"loc":{"start":{"line":106,"column":8},"end":{"line":106,"column":57}},"type":"if","locations":[{"start":{"line":106,"column":8},"end":{"line":106,"column":57}},{"start":{},"end":{}}],"line":106},"12":{"loc":{"start":{"line":117,"column":4},"end":{"line":119,"column":5}},"type":"if","locations":[{"start":{"line":117,"column":4},"end":{"line":119,"column":5}},{"start":{},"end":{}}],"line":117},"13":{"loc":{"start":{"line":123,"column":4},"end":{"line":123,"column":38}},"type":"if","locations":[{"start":{"line":123,"column":4},"end":{"line":123,"column":38}},{"start":{},"end":{}}],"line":123},"14":{"loc":{"start":{"line":126,"column":4},"end":{"line":126,"column":73}},"type":"if","locations":[{"start":{"line":126,"column":4},"end":{"line":126,"column":73}},{"start":{},"end":{}}],"line":126},"15":{"loc":{"start":{"line":126,"column":8},"end":{"line":126,"column":58}},"type":"binary-expr","locations":[{"start":{"line":126,"column":8},"end":{"line":126,"column":15}},{"start":{"line":126,"column":19},"end":{"line":126,"column":34}},{"start":{"line":126,"column":38},"end":{"line":126,"column":58}}],"line":126},"16":{"loc":{"start":{"line":134,"column":8},"end":{"line":134,"column":57}},"type":"if","locations":[{"start":{"line":134,"column":8},"end":{"line":134,"column":57}},{"start":{},"end":{}}],"line":134}},"s":{"0":6,"1":7,"2":7,"3":11,"4":11,"5":11,"6":11,"7":11,"8":11,"9":15,"10":1,"11":14,"12":14,"13":14,"14":11,"15":14,"16":14,"17":17,"18":14,"19":11,"20":11,"21":14,"22":11,"23":6,"24":6,"25":0,"26":6,"27":6,"28":6,"29":6,"30":6,"31":6,"32":0,"33":0,"34":6,"35":12,"36":12,"37":6,"38":6,"39":1,"40":1,"41":0,"42":0,"43":0,"44":0,"45":0,"46":0,"47":0,"48":0,"49":0,"50":0,"51":0,"52":0,"53":0,"54":0,"55":0,"56":0,"57":0,"58":0,"59":6,"60":6,"61":6,"62":0,"63":6,"64":0,"65":6,"66":6,"67":6,"68":0,"69":6,"70":6,"71":6,"72":6,"73":6,"74":6,"75":0,"76":6,"77":6,"78":29},"f":{"0":6,"1":7,"2":11,"3":15,"4":14,"5":17,"6":6,"7":6,"8":0,"9":12,"10":1,"11":0,"12":0,"13":0,"14":0,"15":0,"16":6,"17":6,"18":6,"19":6,"20":6,"21":6,"22":6,"23":29},"b":{"0":[1,14],"1":[11,3],"2":[11,3],"3":[0,11],"4":[11,3],"5":[0,6],"6":[6,6],"7":[6,6],"8":[0,0],"9":[0,0],"10":[0,0],"11":[0,0],"12":[0,6],"13":[0,6],"14":[0,6],"15":[6,6,6],"16":[0,6]},"_coverageSchema":"1a1c01bbd47fc00a2c39e90264f33305004495a9","hash":"c33577c268432be7877f4ea3db0543fb709d9195"}
,"/home/audreyer/Projet/test2/server/src/class/Piece.js": {"path":"/home/audreyer/Projet/test2/server/src/class/Piece.js","statementMap":{"0":{"start":{"line":12,"column":4},"end":{"line":12,"column":21}},"1":{"start":{"line":13,"column":4},"end":{"line":13,"column":15}},"2":{"start":{"line":14,"column":4},"end":{"line":14,"column":15}},"3":{"start":{"line":15,"column":4},"end":{"line":15,"column":29}},"4":{"start":{"line":16,"column":4},"end":{"line":16,"column":56}},"5":{"start":{"line":20,"column":4},"end":{"line":20,"column":79}},"6":{"start":{"line":24,"column":4},"end":{"line":24,"column":79}},"7":{"start":{"line":28,"column":4},"end":{"line":28,"column":79}},"8":{"start":{"line":32,"column":21},"end":{"line":38,"column":5}},"9":{"start":{"line":39,"column":4},"end":{"line":39,"column":48}},"10":{"start":{"line":41,"column":4},"end":{"line":41,"column":56}},"11":{"start":{"line":42,"column":4},"end":{"line":42,"column":20}},"12":{"start":{"line":46,"column":4},"end":{"line":49,"column":8}},"13":{"start":{"line":46,"column":38},"end":{"line":49,"column":5}},"14":{"start":{"line":53,"column":19},"end":{"line":53,"column":43}},"15":{"start":{"line":54,"column":4},"end":{"line":61,"column":6}},"16":{"start":{"line":56,"column":8},"end":{"line":60,"column":46}},"17":{"start":{"line":65,"column":4},"end":{"line":71,"column":6}}},"fnMap":{"0":{"name":"(anonymous_0)","decl":{"start":{"line":11,"column":2},"end":{"line":11,"column":3}},"loc":{"start":{"line":11,"column":55},"end":{"line":17,"column":3}},"line":11},"1":{"name":"(anonymous_1)","decl":{"start":{"line":19,"column":2},"end":{"line":19,"column":3}},"loc":{"start":{"line":19,"column":13},"end":{"line":21,"column":3}},"line":19},"2":{"name":"(anonymous_2)","decl":{"start":{"line":23,"column":2},"end":{"line":23,"column":3}},"loc":{"start":{"line":23,"column":14},"end":{"line":25,"column":3}},"line":23},"3":{"name":"(anonymous_3)","decl":{"start":{"line":27,"column":2},"end":{"line":27,"column":3}},"loc":{"start":{"line":27,"column":13},"end":{"line":29,"column":3}},"line":27},"4":{"name":"(anonymous_4)","decl":{"start":{"line":31,"column":2},"end":{"line":31,"column":3}},"loc":{"start":{"line":31,"column":11},"end":{"line":43,"column":3}},"line":31},"5":{"name":"(anonymous_5)","decl":{"start":{"line":45,"column":2},"end":{"line":45,"column":3}},"loc":{"start":{"line":45,"column":22},"end":{"line":50,"column":3}},"line":45},"6":{"name":"(anonymous_6)","decl":{"start":{"line":46,"column":26},"end":{"line":46,"column":27}},"loc":{"start":{"line":46,"column":38},"end":{"line":49,"column":5}},"line":46},"7":{"name":"(anonymous_7)","decl":{"start":{"line":52,"column":2},"end":{"line":52,"column":3}},"loc":{"start":{"line":52,"column":25},"end":{"line":62,"column":3}},"line":52},"8":{"name":"(anonymous_8)","decl":{"start":{"line":55,"column":6},"end":{"line":55,"column":7}},"loc":{"start":{"line":56,"column":8},"end":{"line":60,"column":46}},"line":56},"9":{"name":"(anonymous_9)","decl":{"start":{"line":64,"column":2},"end":{"line":64,"column":3}},"loc":{"start":{"line":64,"column":11},"end":{"line":72,"column":3}},"line":64}},"branchMap":{"0":{"loc":{"start":{"line":11,"column":20},"end":{"line":11,"column":25}},"type":"default-arg","locations":[{"start":{"line":11,"column":24},"end":{"line":11,"column":25}}],"line":11},"1":{"loc":{"start":{"line":11,"column":27},"end":{"line":11,"column":32}},"type":"default-arg","locations":[{"start":{"line":11,"column":31},"end":{"line":11,"column":32}}],"line":11},"2":{"loc":{"start":{"line":11,"column":34},"end":{"line":11,"column":46}},"type":"default-arg","locations":[{"start":{"line":11,"column":45},"end":{"line":11,"column":46}}],"line":11},"3":{"loc":{"start":{"line":16,"column":17},"end":{"line":16,"column":55}},"type":"cond-expr","locations":[{"start":{"line":16,"column":25},"end":{"line":16,"column":30}},{"start":{"line":16,"column":33},"end":{"line":16,"column":55}}],"line":16},"4":{"loc":{"start":{"line":56,"column":8},"end":{"line":60,"column":46}},"type":"binary-expr","locations":[{"start":{"line":56,"column":8},"end":{"line":56,"column":20}},{"start":{"line":57,"column":8},"end":{"line":57,"column":33}},{"start":{"line":58,"column":8},"end":{"line":58,"column":20}},{"start":{"line":59,"column":8},"end":{"line":59,"column":30}},{"start":{"line":60,"column":8},"end":{"line":60,"column":46}}],"line":56}},"s":{"0":49,"1":49,"2":49,"3":49,"4":49,"5":3,"6":2,"7":20,"8":3,"9":3,"10":3,"11":3,"12":37,"13":136,"14":35,"15":35,"16":126,"17":1},"f":{"0":49,"1":3,"2":2,"3":20,"4":3,"5":37,"6":136,"7":35,"8":126,"9":1},"b":{"0":[8],"1":[8],"2":[8],"3":[41,8],"4":[126,125,124,124,122]},"_coverageSchema":"1a1c01bbd47fc00a2c39e90264f33305004495a9","hash":"62d7f3679e12ff934c46d825db1de7624e54075d"}
,"/home/audreyer/Projet/test2/server/src/class/Player.js": {"path":"/home/audreyer/Projet/test2/server/src/class/Player.js","statementMap":{"0":{"start":{"line":16,"column":4},"end":{"line":16,"column":17}},"1":{"start":{"line":17,"column":4},"end":{"line":17,"column":21}},"2":{"start":{"line":18,"column":4},"end":{"line":18,"column":41}},"3":{"start":{"line":19,"column":4},"end":{"line":19,"column":29}},"4":{"start":{"line":20,"column":4},"end":{"line":20,"column":19}},"5":{"start":{"line":21,"column":4},"end":{"line":21,"column":24}},"6":{"start":{"line":22,"column":4},"end":{"line":22,"column":19}},"7":{"start":{"line":23,"column":4},"end":{"line":23,"column":21}},"8":{"start":{"line":24,"column":4},"end":{"line":24,"column":25}},"9":{"start":{"line":28,"column":4},"end":{"line":30,"column":45}},"10":{"start":{"line":30,"column":17},"end":{"line":30,"column":43}},"11":{"start":{"line":34,"column":16},"end":{"line":34,"column":37}},"12":{"start":{"line":35,"column":4},"end":{"line":37,"column":6}},"13":{"start":{"line":38,"column":4},"end":{"line":40,"column":5}},"14":{"start":{"line":39,"column":6},"end":{"line":39,"column":27}},"15":{"start":{"line":43,"column":4},"end":{"line":43,"column":24}},"16":{"start":{"line":47,"column":4},"end":{"line":47,"column":35}},"17":{"start":{"line":47,"column":28},"end":{"line":47,"column":35}},"18":{"start":{"line":49,"column":21},"end":{"line":49,"column":54}},"19":{"start":{"line":49,"column":45},"end":{"line":49,"column":53}},"20":{"start":{"line":50,"column":19},"end":{"line":50,"column":56}},"21":{"start":{"line":52,"column":4},"end":{"line":56,"column":7}},"22":{"start":{"line":53,"column":6},"end":{"line":55,"column":7}},"23":{"start":{"line":54,"column":8},"end":{"line":54,"column":60}},"24":{"start":{"line":58,"column":4},"end":{"line":58,"column":26}},"25":{"start":{"line":59,"column":4},"end":{"line":59,"column":22}},"26":{"start":{"line":60,"column":4},"end":{"line":60,"column":29}},"27":{"start":{"line":64,"column":21},"end":{"line":66,"column":5}},"28":{"start":{"line":65,"column":6},"end":{"line":65,"column":45}},"29":{"start":{"line":65,"column":25},"end":{"line":65,"column":44}},"30":{"start":{"line":68,"column":25},"end":{"line":68,"column":60}},"31":{"start":{"line":69,"column":4},"end":{"line":69,"column":33}},"32":{"start":{"line":70,"column":4},"end":{"line":70,"column":37}},"33":{"start":{"line":72,"column":4},"end":{"line":74,"column":5}},"34":{"start":{"line":73,"column":6},"end":{"line":73,"column":51}},"35":{"start":{"line":76,"column":4},"end":{"line":76,"column":26}},"36":{"start":{"line":80,"column":4},"end":{"line":80,"column":41}},"37":{"start":{"line":81,"column":4},"end":{"line":81,"column":29}},"38":{"start":{"line":82,"column":4},"end":{"line":82,"column":19}},"39":{"start":{"line":83,"column":4},"end":{"line":83,"column":24}},"40":{"start":{"line":84,"column":4},"end":{"line":84,"column":21}},"41":{"start":{"line":85,"column":4},"end":{"line":85,"column":19}},"42":{"start":{"line":89,"column":4},"end":{"line":97,"column":6}}},"fnMap":{"0":{"name":"(anonymous_0)","decl":{"start":{"line":15,"column":2},"end":{"line":15,"column":3}},"loc":{"start":{"line":15,"column":32},"end":{"line":25,"column":3}},"line":15},"1":{"name":"(anonymous_1)","decl":{"start":{"line":27,"column":2},"end":{"line":27,"column":3}},"loc":{"start":{"line":27,"column":21},"end":{"line":31,"column":3}},"line":27},"2":{"name":"(anonymous_2)","decl":{"start":{"line":30,"column":11},"end":{"line":30,"column":12}},"loc":{"start":{"line":30,"column":17},"end":{"line":30,"column":43}},"line":30},"3":{"name":"(anonymous_3)","decl":{"start":{"line":33,"column":2},"end":{"line":33,"column":3}},"loc":{"start":{"line":33,"column":15},"end":{"line":41,"column":3}},"line":33},"4":{"name":"(anonymous_4)","decl":{"start":{"line":42,"column":2},"end":{"line":42,"column":3}},"loc":{"start":{"line":42,"column":19},"end":{"line":44,"column":3}},"line":42},"5":{"name":"(anonymous_5)","decl":{"start":{"line":46,"column":2},"end":{"line":46,"column":3}},"loc":{"start":{"line":46,"column":14},"end":{"line":61,"column":3}},"line":46},"6":{"name":"(anonymous_6)","decl":{"start":{"line":49,"column":36},"end":{"line":49,"column":37}},"loc":{"start":{"line":49,"column":45},"end":{"line":49,"column":53}},"line":49},"7":{"name":"(anonymous_7)","decl":{"start":{"line":52,"column":19},"end":{"line":52,"column":20}},"loc":{"start":{"line":52,"column":30},"end":{"line":56,"column":5}},"line":52},"8":{"name":"(anonymous_8)","decl":{"start":{"line":63,"column":2},"end":{"line":63,"column":3}},"loc":{"start":{"line":63,"column":15},"end":{"line":77,"column":3}},"line":63},"9":{"name":"(anonymous_9)","decl":{"start":{"line":64,"column":39},"end":{"line":64,"column":40}},"loc":{"start":{"line":65,"column":6},"end":{"line":65,"column":45}},"line":65},"10":{"name":"(anonymous_10)","decl":{"start":{"line":65,"column":15},"end":{"line":65,"column":16}},"loc":{"start":{"line":65,"column":25},"end":{"line":65,"column":44}},"line":65},"11":{"name":"(anonymous_11)","decl":{"start":{"line":79,"column":2},"end":{"line":79,"column":3}},"loc":{"start":{"line":79,"column":10},"end":{"line":86,"column":3}},"line":79},"12":{"name":"(anonymous_12)","decl":{"start":{"line":88,"column":2},"end":{"line":88,"column":3}},"loc":{"start":{"line":88,"column":11},"end":{"line":98,"column":3}},"line":88}},"branchMap":{"0":{"loc":{"start":{"line":38,"column":4},"end":{"line":40,"column":5}},"type":"if","locations":[{"start":{"line":38,"column":4},"end":{"line":40,"column":5}},{"start":{},"end":{}}],"line":38},"1":{"loc":{"start":{"line":38,"column":8},"end":{"line":38,"column":75}},"type":"binary-expr","locations":[{"start":{"line":38,"column":8},"end":{"line":38,"column":25}},{"start":{"line":38,"column":29},"end":{"line":38,"column":75}}],"line":38},"2":{"loc":{"start":{"line":47,"column":4},"end":{"line":47,"column":35}},"type":"if","locations":[{"start":{"line":47,"column":4},"end":{"line":47,"column":35}},{"start":{},"end":{}}],"line":47},"3":{"loc":{"start":{"line":53,"column":6},"end":{"line":55,"column":7}},"type":"if","locations":[{"start":{"line":53,"column":6},"end":{"line":55,"column":7}},{"start":{},"end":{}}],"line":53},"4":{"loc":{"start":{"line":53,"column":10},"end":{"line":53,"column":51}},"type":"binary-expr","locations":[{"start":{"line":53,"column":10},"end":{"line":53,"column":22}},{"start":{"line":53,"column":26},"end":{"line":53,"column":51}}],"line":53},"5":{"loc":{"start":{"line":95,"column":20},"end":{"line":95,"column":55}},"type":"binary-expr","locations":[{"start":{"line":95,"column":20},"end":{"line":95,"column":47}},{"start":{"line":95,"column":51},"end":{"line":95,"column":55}}],"line":95}},"s":{"0":14,"1":14,"2":14,"3":14,"4":14,"5":14,"6":14,"7":14,"8":14,"9":20,"10":400,"11":7,"12":7,"13":7,"14":0,"15":6,"16":1,"17":0,"18":1,"19":20,"20":1,"21":1,"22":4,"23":4,"24":1,"25":1,"26":1,"27":1,"28":20,"29":20,"30":1,"31":1,"32":1,"33":1,"34":0,"35":1,"36":6,"37":6,"38":6,"39":6,"40":6,"41":6,"42":0},"f":{"0":14,"1":20,"2":400,"3":7,"4":6,"5":1,"6":20,"7":4,"8":1,"9":20,"10":20,"11":6,"12":0},"b":{"0":[0,7],"1":[7,7],"2":[0,1],"3":[4,0],"4":[4,4],"5":[0,0]},"_coverageSchema":"1a1c01bbd47fc00a2c39e90264f33305004495a9","hash":"ed5addc5d4e82e1cb4b0634bd6fd3c0828bc387e"}
,"/home/audreyer/Projet/test2/server/src/domain/ApplyMove.js": {"path":"/home/audreyer/Projet/test2/server/src/domain/ApplyMove.js","statementMap":{"0":{"start":{"line":3,"column":2},"end":{"line":3,"column":41}},"1":{"start":{"line":3,"column":28},"end":{"line":3,"column":41}},"2":{"start":{"line":4,"column":2},"end":{"line":46,"column":3}},"3":{"start":{"line":6,"column":6},"end":{"line":6,"column":48}},"4":{"start":{"line":7,"column":6},"end":{"line":7,"column":12}},"5":{"start":{"line":9,"column":6},"end":{"line":9,"column":49}},"6":{"start":{"line":10,"column":6},"end":{"line":10,"column":12}},"7":{"start":{"line":12,"column":6},"end":{"line":12,"column":48}},"8":{"start":{"line":13,"column":6},"end":{"line":19,"column":7}},"9":{"start":{"line":14,"column":8},"end":{"line":14,"column":39}},"10":{"start":{"line":16,"column":8},"end":{"line":16,"column":27}},"11":{"start":{"line":18,"column":8},"end":{"line":18,"column":28}},"12":{"start":{"line":20,"column":6},"end":{"line":20,"column":18}},"13":{"start":{"line":22,"column":6},"end":{"line":22,"column":46}},"14":{"start":{"line":23,"column":6},"end":{"line":23,"column":12}},"15":{"start":{"line":25,"column":18},"end":{"line":25,"column":22}},"16":{"start":{"line":26,"column":20},"end":{"line":26,"column":24}},"17":{"start":{"line":27,"column":6},"end":{"line":27,"column":48}},"18":{"start":{"line":28,"column":6},"end":{"line":35,"column":7}},"19":{"start":{"line":29,"column":8},"end":{"line":34,"column":9}},"20":{"start":{"line":30,"column":10},"end":{"line":30,"column":29}},"21":{"start":{"line":31,"column":10},"end":{"line":31,"column":40}},"22":{"start":{"line":33,"column":10},"end":{"line":33,"column":24}},"23":{"start":{"line":36,"column":6},"end":{"line":41,"column":7}},"24":{"start":{"line":37,"column":8},"end":{"line":37,"column":38}},"25":{"start":{"line":38,"column":8},"end":{"line":38,"column":27}},"26":{"start":{"line":39,"column":8},"end":{"line":39,"column":28}},"27":{"start":{"line":40,"column":8},"end":{"line":40,"column":20}},"28":{"start":{"line":42,"column":6},"end":{"line":42,"column":19}},"29":{"start":{"line":45,"column":6},"end":{"line":45,"column":19}},"30":{"start":{"line":48,"column":2},"end":{"line":51,"column":3}},"31":{"start":{"line":49,"column":4},"end":{"line":49,"column":35}},"32":{"start":{"line":50,"column":4},"end":{"line":50,"column":16}},"33":{"start":{"line":53,"column":2},"end":{"line":53,"column":15}}},"fnMap":{"0":{"name":"applyMove","decl":{"start":{"line":1,"column":16},"end":{"line":1,"column":25}},"loc":{"start":{"line":1,"column":42},"end":{"line":54,"column":1}},"line":1}},"branchMap":{"0":{"loc":{"start":{"line":3,"column":2},"end":{"line":3,"column":41}},"type":"if","locations":[{"start":{"line":3,"column":2},"end":{"line":3,"column":41}},{"start":{},"end":{}}],"line":3},"1":{"loc":{"start":{"line":4,"column":2},"end":{"line":46,"column":3}},"type":"switch","locations":[{"start":{"line":5,"column":4},"end":{"line":7,"column":12}},{"start":{"line":8,"column":4},"end":{"line":10,"column":12}},{"start":{"line":11,"column":4},"end":{"line":20,"column":18}},{"start":{"line":21,"column":4},"end":{"line":23,"column":12}},{"start":{"line":24,"column":4},"end":{"line":42,"column":19}},{"start":{"line":44,"column":4},"end":{"line":45,"column":19}}],"line":4},"2":{"loc":{"start":{"line":13,"column":6},"end":{"line":19,"column":7}},"type":"if","locations":[{"start":{"line":13,"column":6},"end":{"line":19,"column":7}},{"start":{"line":15,"column":13},"end":{"line":19,"column":7}}],"line":13},"3":{"loc":{"start":{"line":29,"column":8},"end":{"line":34,"column":9}},"type":"if","locations":[{"start":{"line":29,"column":8},"end":{"line":34,"column":9}},{"start":{"line":32,"column":15},"end":{"line":34,"column":9}}],"line":29},"4":{"loc":{"start":{"line":36,"column":6},"end":{"line":41,"column":7}},"type":"if","locations":[{"start":{"line":36,"column":6},"end":{"line":41,"column":7}},{"start":{},"end":{}}],"line":36},"5":{"loc":{"start":{"line":48,"column":2},"end":{"line":51,"column":3}},"type":"if","locations":[{"start":{"line":48,"column":2},"end":{"line":51,"column":3}},{"start":{},"end":{}}],"line":48}},"s":{"0":6,"1":0,"2":6,"3":2,"4":2,"5":1,"6":1,"7":1,"8":1,"9":1,"10":0,"11":0,"12":1,"13":1,"14":1,"15":1,"16":1,"17":1,"18":1,"19":18,"20":17,"21":17,"22":1,"23":1,"24":1,"25":1,"26":1,"27":1,"28":0,"29":0,"30":4,"31":4,"32":4,"33":0},"f":{"0":6},"b":{"0":[0,6],"1":[2,1,1,1,1,0],"2":[1,0],"3":[17,1],"4":[1,0],"5":[4,0]},"_coverageSchema":"1a1c01bbd47fc00a2c39e90264f33305004495a9","hash":"2d5606d8a81f4cc663b1c4ed0b05f9f039943c55"}
,"/home/audreyer/Projet/test2/server/src/domain/shape.js": {"path":"/home/audreyer/Projet/test2/server/src/domain/shape.js","statementMap":{"0":{"start":{"line":4,"column":20},"end":{"line":47,"column":3}},"1":{"start":{"line":48,"column":2},"end":{"line":48,"column":31}},"2":{"start":{"line":52,"column":2},"end":{"line":54,"column":3}},"3":{"start":{"line":53,"column":4},"end":{"line":53,"column":18}},"4":{"start":{"line":57,"column":2},"end":{"line":67,"column":3}},"5":{"start":{"line":58,"column":4},"end":{"line":66,"column":10}},"6":{"start":{"line":59,"column":23},"end":{"line":62,"column":7}},"7":{"start":{"line":63,"column":23},"end":{"line":66,"column":7}},"8":{"start":{"line":70,"column":2},"end":{"line":73,"column":6}},"9":{"start":{"line":70,"column":32},"end":{"line":73,"column":3}}},"fnMap":{"0":{"name":"getShapeTemplate","decl":{"start":{"line":3,"column":16},"end":{"line":3,"column":32}},"loc":{"start":{"line":3,"column":39},"end":{"line":49,"column":1}},"line":3},"1":{"name":"rotateShape","decl":{"start":{"line":50,"column":16},"end":{"line":50,"column":27}},"loc":{"start":{"line":50,"column":42},"end":{"line":74,"column":1}},"line":50},"2":{"name":"(anonymous_2)","decl":{"start":{"line":59,"column":11},"end":{"line":59,"column":12}},"loc":{"start":{"line":59,"column":23},"end":{"line":62,"column":7}},"line":59},"3":{"name":"(anonymous_3)","decl":{"start":{"line":63,"column":11},"end":{"line":63,"column":12}},"loc":{"start":{"line":63,"column":23},"end":{"line":66,"column":7}},"line":63},"4":{"name":"(anonymous_4)","decl":{"start":{"line":70,"column":20},"end":{"line":70,"column":21}},"loc":{"start":{"line":70,"column":32},"end":{"line":73,"column":3}},"line":70}},"branchMap":{"0":{"loc":{"start":{"line":48,"column":9},"end":{"line":48,"column":30}},"type":"binary-expr","locations":[{"start":{"line":48,"column":9},"end":{"line":48,"column":24}},{"start":{"line":48,"column":28},"end":{"line":48,"column":30}}],"line":48},"1":{"loc":{"start":{"line":52,"column":2},"end":{"line":54,"column":3}},"type":"if","locations":[{"start":{"line":52,"column":2},"end":{"line":54,"column":3}},{"start":{},"end":{}}],"line":52},"2":{"loc":{"start":{"line":57,"column":2},"end":{"line":67,"column":3}},"type":"if","locations":[{"start":{"line":57,"column":2},"end":{"line":67,"column":3}},{"start":{},"end":{}}],"line":57}},"s":{"0":7,"1":7,"2":1,"3":1,"4":0,"5":0,"6":0,"7":0,"8":0,"9":0},"f":{"0":7,"1":1,"2":0,"3":0,"4":0},"b":{"0":[7,0],"1":[1,0],"2":[0,0]},"_coverageSchema":"1a1c01bbd47fc00a2c39e90264f33305004495a9","hash":"3cd26540e1e6e25f211e8c775d9bf1297110b6f5"}
,"/home/audreyer/Projet/test2/server/src/types/types.js": {"path":"/home/audreyer/Projet/test2/server/src/types/types.js","statementMap":{"0":{"start":{"line":1,"column":22},"end":{"line":1,"column":23}},"1":{"start":{"line":2,"column":22},"end":{"line":2,"column":23}},"2":{"start":{"line":3,"column":22},"end":{"line":3,"column":23}},"3":{"start":{"line":4,"column":22},"end":{"line":4,"column":23}},"4":{"start":{"line":5,"column":22},"end":{"line":5,"column":23}},"5":{"start":{"line":6,"column":22},"end":{"line":6,"column":23}},"6":{"start":{"line":7,"column":22},"end":{"line":7,"column":23}},"7":{"start":{"line":8,"column":26},"end":{"line":8,"column":27}},"8":{"start":{"line":9,"column":26},"end":{"line":9,"column":27}}},"fnMap":{},"branchMap":{},"s":{"0":2,"1":2,"2":2,"3":2,"4":2,"5":2,"6":2,"7":2,"8":2},"f":{},"b":{},"_coverageSchema":"1a1c01bbd47fc00a2c39e90264f33305004495a9","hash":"e7735644d78b4455aa1ab5a3d1929d00aaaf4c3c"}
}
