TN:
SF:src/index.ts
FN:19,(anonymous_1)
FN:22,(anonymous_2)
FN:26,(anonymous_3)
FN:40,(anonymous_4)
FN:51,(anonymous_5)
FN:59,(anonymous_6)
FN:68,(anonymous_7)
FN:69,(anonymous_8)
FN:70,(anonymous_9)
FN:82,start
FN:83,(anonymous_11)
FNF:11
FNH:10
FNDA:17,(anonymous_1)
FNDA:15,(anonymous_2)
FNDA:0,(anonymous_3)
FNDA:6,(anonymous_4)
FNDA:6,(anonymous_5)
FNDA:1,(anonymous_6)
FNDA:17,(anonymous_7)
FNDA:15,(anonymous_8)
FNDA:18,(anonymous_9)
FNDA:1,start
FNDA:1,(anonymous_11)
DA:2,1
DA:3,1
DA:4,1
DA:5,1
DA:8,1
DA:9,1
DA:10,1
DA:17,1
DA:19,1
DA:20,17
DA:22,17
DA:23,15
DA:25,15
DA:26,11
DA:27,0
DA:29,11
DA:32,15
DA:33,14
DA:34,14
DA:36,1
DA:40,17
DA:41,6
DA:42,6
DA:43,5
DA:44,5
DA:49,17
DA:52,6
DA:53,6
DA:54,6
DA:59,17
DA:60,1
DA:61,1
DA:62,1
DA:63,1
DA:68,17
DA:69,17
DA:70,18
DA:71,14
DA:72,14
DA:73,11
DA:75,3
DA:82,1
DA:83,1
DA:84,1
DA:89,1
DA:90,0
LF:46
LH:44
BRDA:25,0,0,11
BRDA:25,0,1,4
BRDA:32,1,0,14
BRDA:32,1,1,1
BRDA:42,2,0,5
BRDA:42,2,1,1
BRDA:42,3,0,6
BRDA:42,3,1,6
BRDA:43,4,0,5
BRDA:43,4,1,0
BRDA:53,5,0,6
BRDA:53,5,1,0
BRDA:53,6,0,6
BRDA:53,6,1,6
BRDA:61,7,0,1
BRDA:61,7,1,0
BRDA:61,8,0,1
BRDA:61,8,1,1
BRDA:62,9,0,1
BRDA:62,9,1,0
BRDA:70,10,0,14
BRDA:70,10,1,1
BRDA:72,11,0,11
BRDA:72,11,1,3
BRDA:82,12,0,0
BRDA:82,13,0,0
BRDA:82,13,1,0
BRDA:89,14,0,0
BRDA:89,14,1,1
BRF:29
BRH:21
end_of_record
TN:
SF:src/class/Game.ts
FN:21,(anonymous_0)
FN:30,(anonymous_1)
FN:43,(anonymous_2)
FN:45,(anonymous_3)
FN:55,(anonymous_4)
FN:59,(anonymous_5)
FN:64,(anonymous_6)
FN:72,(anonymous_7)
FN:81,(anonymous_8)
FN:86,(anonymous_9)
FN:87,(anonymous_10)
FN:117,(anonymous_11)
FN:119,(anonymous_12)
FN:130,(anonymous_13)
FN:139,(anonymous_14)
FN:144,(anonymous_15)
FNF:16
FNH:11
FNDA:11,(anonymous_0)
FNDA:15,(anonymous_1)
FNDA:14,(anonymous_2)
FNDA:17,(anonymous_3)
FNDA:6,(anonymous_4)
FNDA:6,(anonymous_5)
FNDA:0,(anonymous_6)
FNDA:15,(anonymous_7)
FNDA:1,(anonymous_8)
FNDA:0,(anonymous_9)
FNDA:0,(anonymous_10)
FNDA:0,(anonymous_11)
FNDA:0,(anonymous_12)
FNDA:6,(anonymous_13)
FNDA:29,(anonymous_14)
FNDA:32,(anonymous_15)
DA:3,1
DA:4,1
DA:13,1
DA:22,11
DA:23,11
DA:24,11
DA:25,11
DA:26,11
DA:27,11
DA:31,15
DA:33,14
DA:34,14
DA:36,14
DA:37,11
DA:40,14
DA:44,14
DA:45,17
DA:46,14
DA:47,14
DA:48,11
DA:49,11
DA:51,14
DA:52,14
DA:56,6
DA:58,6
DA:59,6
DA:60,6
DA:61,6
DA:64,6
DA:66,0
DA:69,6
DA:73,15
DA:74,15
DA:75,15
DA:76,6
DA:77,6
DA:82,1
DA:83,1
DA:87,0
DA:88,0
DA:90,0
DA:91,0
DA:92,0
DA:95,0
DA:97,0
DA:98,0
DA:100,0
DA:101,0
DA:102,0
DA:103,0
DA:104,0
DA:105,0
DA:106,0
DA:114,0
DA:118,0
DA:119,0
DA:121,0
DA:122,0
DA:125,0
DA:126,0
DA:131,6
DA:134,6
DA:135,6
DA:136,6
DA:140,29
DA:144,32
LF:66
LH:43
BRDA:31,0,0,1
BRDA:31,0,1,14
BRDA:36,1,0,11
BRDA:36,1,1,3
BRDA:47,2,0,11
BRDA:47,2,1,3
BRDA:49,3,0,0
BRDA:49,3,1,11
BRDA:56,4,0,0
BRDA:56,4,1,6
BRDA:56,5,0,6
BRDA:56,5,1,6
BRDA:75,6,0,6
BRDA:75,6,1,9
BRDA:88,7,0,0
BRDA:88,7,1,0
BRDA:90,8,0,0
BRDA:90,8,1,0
BRDA:97,9,0,0
BRDA:97,9,1,0
BRDA:103,10,0,0
BRDA:103,10,1,0
BRDA:121,11,0,0
BRDA:121,11,1,0
BRDA:121,12,0,0
BRDA:121,12,1,0
BRDA:125,13,0,0
BRDA:125,13,1,0
BRDA:131,14,0,0
BRDA:131,14,1,6
BRDA:134,15,0,6
BRDA:134,15,1,0
BRDA:135,16,0,0
BRDA:135,16,1,6
BRDA:135,17,0,6
BRDA:135,17,1,6
BRDA:135,17,2,6
BRF:37
BRH:18
end_of_record
TN:
SF:src/class/Piece.ts
FN:20,(anonymous_0)
FN:34,(anonymous_1)
FN:38,(anonymous_2)
FN:42,(anonymous_3)
FN:46,(anonymous_4)
FN:60,(anonymous_5)
FN:61,(anonymous_6)
FN:67,(anonymous_7)
FN:70,(anonymous_8)
FN:79,(anonymous_9)
FNF:10
FNH:10
FNDA:47,(anonymous_0)
FNDA:3,(anonymous_1)
FNDA:2,(anonymous_2)
FNDA:18,(anonymous_3)
FNDA:3,(anonymous_4)
FNDA:35,(anonymous_5)
FNDA:128,(anonymous_6)
FNDA:33,(anonymous_7)
FNDA:119,(anonymous_8)
FNDA:13,(anonymous_9)
DA:2,2
DA:3,2
DA:13,2
DA:27,47
DA:28,47
DA:29,47
DA:30,47
DA:31,47
DA:35,3
DA:39,2
DA:43,18
DA:47,3
DA:54,3
DA:56,3
DA:57,3
DA:61,128
DA:68,33
DA:69,33
DA:71,119
DA:80,13
LF:20
LH:20
BRDA:22,0,0,1
BRDA:23,1,0,1
BRDA:24,2,0,8
BRDA:31,3,0,39
BRDA:31,3,1,8
BRDA:71,4,0,119
BRDA:71,4,1,118
BRDA:71,4,2,117
BRDA:71,4,3,117
BRDA:71,4,4,115
BRF:10
BRH:10
end_of_record
TN:
SF:src/class/Player.ts
FN:15,(anonymous_0)
FN:26,(anonymous_1)
FN:29,(anonymous_2)
FN:32,(anonymous_3)
FN:42,(anonymous_4)
FN:45,(anonymous_5)
FN:48,(anonymous_6)
FN:59,(anonymous_7)
FN:60,(anonymous_8)
FN:61,(anonymous_9)
FN:75,(anonymous_10)
FN:84,(anonymous_11)
FNF:12
FNH:12
FNDA:14,(anonymous_0)
FNDA:20,(anonymous_1)
FNDA:400,(anonymous_2)
FNDA:7,(anonymous_3)
FNDA:1,(anonymous_4)
FNDA:20,(anonymous_5)
FNDA:4,(anonymous_6)
FNDA:1,(anonymous_7)
FNDA:20,(anonymous_8)
FNDA:20,(anonymous_9)
FNDA:6,(anonymous_10)
FNDA:32,(anonymous_11)
DA:2,1
DA:3,1
DA:5,1
DA:16,14
DA:17,14
DA:18,14
DA:19,14
DA:20,14
DA:21,14
DA:22,14
DA:23,14
DA:27,20
DA:29,400
DA:33,7
DA:34,7
DA:35,7
DA:37,7
DA:38,0
DA:43,1
DA:45,20
DA:46,1
DA:48,1
DA:49,4
DA:50,4
DA:54,1
DA:55,1
DA:56,1
DA:60,1
DA:61,20
DA:64,1
DA:65,1
DA:66,1
DA:68,1
DA:69,0
DA:72,1
DA:76,6
DA:77,6
DA:78,6
DA:79,6
DA:80,6
DA:81,6
DA:85,32
LF:42
LH:40
BRDA:37,0,0,0
BRDA:37,0,1,7
BRDA:37,1,0,7
BRDA:37,1,1,7
BRDA:43,2,0,0
BRDA:43,2,1,1
BRDA:49,3,0,4
BRDA:49,3,1,0
BRDA:49,4,0,4
BRDA:49,4,1,4
BRDA:91,5,0,32
BRDA:91,5,1,20
BRF:12
BRH:9
end_of_record
TN:
SF:src/domain/ApplyMove.ts
FN:6,applyMove
FNF:1
FNH:1
FNDA:6,applyMove
DA:6,1
DA:8,6
DA:9,6
DA:11,2
DA:12,2
DA:14,1
DA:15,1
DA:17,1
DA:18,1
DA:19,1
DA:21,0
DA:22,0
DA:24,1
DA:26,1
DA:27,1
DA:29,1
DA:30,1
DA:31,1
DA:32,1
DA:33,16
DA:34,15
DA:35,15
DA:37,1
DA:40,1
DA:41,1
DA:42,1
DA:43,1
DA:44,1
DA:46,0
DA:49,0
DA:52,4
DA:53,4
DA:54,4
DA:57,0
LF:34
LH:29
BRDA:8,0,0,0
BRDA:8,0,1,6
BRDA:9,1,0,2
BRDA:9,1,1,1
BRDA:9,1,2,1
BRDA:9,1,3,1
BRDA:9,1,4,1
BRDA:9,1,5,0
BRDA:18,2,0,1
BRDA:18,2,1,0
BRDA:33,3,0,15
BRDA:33,3,1,1
BRDA:40,4,0,1
BRDA:40,4,1,0
BRDA:52,5,0,4
BRDA:52,5,1,0
BRF:16
BRH:11
end_of_record
TN:
SF:src/domain/shape.ts
FN:3,getShapeTemplate
FN:50,rotateShape
FN:60,(anonymous_2)
FN:64,(anonymous_3)
FN:71,(anonymous_4)
FNF:5
FNH:4
FNDA:7,getShapeTemplate
FNDA:1,rotateShape
FNDA:4,(anonymous_2)
FNDA:4,(anonymous_3)
FNDA:0,(anonymous_4)
DA:1,1
DA:3,1
DA:4,7
DA:48,7
DA:50,1
DA:52,1
DA:53,0
DA:57,1
DA:58,1
DA:59,1
DA:60,4
DA:64,4
DA:71,0
LF:13
LH:11
BRDA:48,0,0,7
BRDA:48,0,1,0
BRDA:52,1,0,0
BRDA:52,1,1,1
BRDA:57,2,0,1
BRDA:57,2,1,0
BRF:6
BRH:3
end_of_record
TN:
SF:src/types/types.ts
FNF:0
FNH:0
DA:13,2
DA:14,2
DA:15,2
DA:16,2
DA:17,2
DA:18,2
DA:19,2
DA:20,2
DA:21,2
LF:9
LH:9
BRF:0
BRH:0
end_of_record
