TN:
SF:src/index.js
FN:17,(anonymous_0)
FN:20,(anonymous_1)
FN:24,(anonymous_2)
FN:38,(anonymous_3)
FN:49,(anonymous_4)
FN:56,(anonymous_5)
FN:65,(anonymous_6)
FN:66,(anonymous_7)
FN:67,(anonymous_8)
FN:79,start
FN:80,(anonymous_10)
FNF:11
FNH:10
FNDA:17,(anonymous_0)
FNDA:15,(anonymous_1)
FNDA:0,(anonymous_2)
FNDA:6,(anonymous_3)
FNDA:6,(anonymous_4)
FNDA:1,(anonymous_5)
FNDA:17,(anonymous_6)
FNDA:15,(anonymous_7)
FNDA:18,(anonymous_8)
FNDA:1,start
FNDA:1,(anonymous_10)
DA:6,1
DA:7,1
DA:8,1
DA:15,1
DA:17,1
DA:18,17
DA:20,17
DA:21,15
DA:23,15
DA:24,11
DA:25,0
DA:27,11
DA:30,15
DA:31,14
DA:32,14
DA:34,1
DA:38,17
DA:39,6
DA:40,6
DA:41,5
DA:42,5
DA:43,5
DA:44,5
DA:49,17
DA:50,6
DA:51,6
DA:52,6
DA:56,17
DA:57,1
DA:58,1
DA:59,1
DA:60,1
DA:65,17
DA:66,17
DA:67,18
DA:68,14
DA:69,14
DA:70,11
DA:72,3
DA:80,1
DA:81,1
DA:84,1
DA:85,0
LF:43
LH:41
BRDA:23,0,0,11
BRDA:23,0,1,4
BRDA:30,1,0,14
BRDA:30,1,1,1
BRDA:40,2,0,5
BRDA:40,2,1,1
BRDA:40,3,0,6
BRDA:40,3,1,6
BRDA:43,4,0,5
BRDA:43,4,1,0
BRDA:51,5,0,6
BRDA:51,5,1,0
BRDA:51,6,0,6
BRDA:51,6,1,6
BRDA:58,7,0,1
BRDA:58,7,1,0
BRDA:58,8,0,1
BRDA:58,8,1,1
BRDA:59,9,0,1
BRDA:59,9,1,0
BRDA:67,10,0,14
BRDA:67,10,1,1
BRDA:69,11,0,11
BRDA:69,11,1,3
BRDA:79,12,0,0
BRDA:79,13,0,0
BRDA:79,13,1,0
BRDA:84,14,0,0
BRDA:84,14,1,1
BRF:29
BRH:21
end_of_record
TN:
SF:src/class/Game.js
FN:5,createSeededRandom
FN:6,(anonymous_1)
FN:21,(anonymous_2)
FN:31,(anonymous_3)
FN:44,(anonymous_4)
FN:45,(anonymous_5)
FN:53,(anonymous_6)
FN:58,(anonymous_7)
FN:64,(anonymous_8)
FN:72,(anonymous_9)
FN:80,(anonymous_10)
FN:85,(anonymous_11)
FN:86,(anonymous_12)
FN:103,(anonymous_13)
FN:108,(anonymous_14)
FN:109,(anonymous_15)
FN:115,(anonymous_16)
FN:116,(anonymous_17)
FN:128,(anonymous_18)
FN:130,(anonymous_19)
FN:135,(anonymous_20)
FN:141,(anonymous_21)
FN:144,(anonymous_22)
FN:147,(anonymous_23)
FN:152,(anonymous_24)
FN:153,(anonymous_25)
FN:159,(anonymous_26)
FN:160,(anonymous_27)
FN:174,(anonymous_28)
FNF:29
FNH:16
FNDA:6,createSeededRandom
FNDA:12,(anonymous_1)
FNDA:11,(anonymous_2)
FNDA:15,(anonymous_3)
FNDA:14,(anonymous_4)
FNDA:17,(anonymous_5)
FNDA:6,(anonymous_6)
FNDA:6,(anonymous_7)
FNDA:0,(anonymous_8)
FNDA:12,(anonymous_9)
FNDA:1,(anonymous_10)
FNDA:0,(anonymous_11)
FNDA:0,(anonymous_12)
FNDA:0,(anonymous_13)
FNDA:0,(anonymous_14)
FNDA:0,(anonymous_15)
FNDA:0,(anonymous_16)
FNDA:0,(anonymous_17)
FNDA:6,(anonymous_18)
FNDA:6,(anonymous_19)
FNDA:0,(anonymous_20)
FNDA:6,(anonymous_21)
FNDA:6,(anonymous_22)
FNDA:6,(anonymous_23)
FNDA:0,(anonymous_24)
FNDA:0,(anonymous_25)
FNDA:0,(anonymous_26)
FNDA:0,(anonymous_27)
FNDA:29,(anonymous_28)
DA:6,6
DA:7,12
DA:8,12
DA:22,11
DA:23,11
DA:24,11
DA:25,11
DA:26,11
DA:27,11
DA:28,11
DA:32,15
DA:34,14
DA:35,14
DA:37,14
DA:38,11
DA:41,14
DA:45,17
DA:46,14
DA:47,11
DA:48,11
DA:50,14
DA:54,6
DA:55,6
DA:57,6
DA:58,6
DA:59,6
DA:60,6
DA:61,6
DA:64,6
DA:65,0
DA:66,0
DA:69,6
DA:73,12
DA:74,12
DA:75,6
DA:76,6
DA:81,1
DA:82,1
DA:86,0
DA:87,0
DA:89,0
DA:90,0
DA:91,0
DA:94,0
DA:96,0
DA:97,0
DA:99,0
DA:100,0
DA:103,0
DA:104,0
DA:106,0
DA:108,0
DA:109,0
DA:110,0
DA:113,0
DA:115,0
DA:116,0
DA:117,0
DA:118,0
DA:121,0
DA:123,0
DA:125,0
DA:129,6
DA:130,6
DA:132,6
DA:133,0
DA:134,0
DA:135,0
DA:136,0
DA:142,6
DA:144,6
DA:145,6
DA:146,6
DA:147,6
DA:148,6
DA:150,6
DA:152,0
DA:153,0
DA:154,0
DA:157,0
DA:159,0
DA:160,0
DA:161,0
DA:162,0
DA:165,0
DA:167,0
DA:169,6
DA:171,6
DA:175,29
LF:89
LH:49
BRDA:32,0,0,1
BRDA:32,0,1,14
BRDA:37,1,0,11
BRDA:37,1,1,3
BRDA:46,2,0,11
BRDA:46,2,1,3
BRDA:48,3,0,0
BRDA:48,3,1,11
BRDA:50,4,0,11
BRDA:50,4,1,3
BRDA:55,5,0,0
BRDA:55,5,1,6
BRDA:55,6,0,6
BRDA:55,6,1,6
BRDA:74,7,0,6
BRDA:74,7,1,6
BRDA:87,8,0,0
BRDA:87,8,1,0
BRDA:89,9,0,0
BRDA:89,9,1,0
BRDA:96,10,0,0
BRDA:96,10,1,0
BRDA:106,11,0,0
BRDA:106,11,1,0
BRDA:110,12,0,0
BRDA:110,12,1,0
BRDA:117,13,0,0
BRDA:117,13,1,0
BRDA:117,14,0,0
BRDA:117,14,1,0
BRDA:132,15,0,0
BRDA:132,15,1,6
BRDA:132,16,0,6
BRDA:132,16,1,6
BRDA:132,16,2,6
BRDA:134,17,0,0
BRDA:134,17,1,0
BRDA:142,18,0,0
BRDA:142,18,1,6
BRDA:142,19,0,6
BRDA:142,19,1,6
BRDA:142,19,2,0
BRDA:145,20,0,0
BRDA:145,20,1,6
BRDA:145,21,0,6
BRDA:145,21,1,6
BRDA:145,21,2,6
BRDA:150,22,0,0
BRDA:150,22,1,0
BRDA:154,23,0,0
BRDA:154,23,1,0
BRDA:161,24,0,0
BRDA:161,24,1,0
BRDA:161,25,0,0
BRDA:161,25,1,0
BRF:55
BRH:25
end_of_record
TN:
SF:src/class/Piece.js
FN:11,(anonymous_0)
FN:19,(anonymous_1)
FN:23,(anonymous_2)
FN:27,(anonymous_3)
FN:31,(anonymous_4)
FN:45,(anonymous_5)
FN:46,(anonymous_6)
FN:52,(anonymous_7)
FN:55,(anonymous_8)
FN:64,(anonymous_9)
FNF:10
FNH:10
FNDA:53,(anonymous_0)
FNDA:3,(anonymous_1)
FNDA:2,(anonymous_2)
FNDA:19,(anonymous_3)
FNDA:3,(anonymous_4)
FNDA:36,(anonymous_5)
FNDA:132,(anonymous_6)
FNDA:34,(anonymous_7)
FNDA:120,(anonymous_8)
FNDA:1,(anonymous_9)
DA:12,53
DA:13,53
DA:14,53
DA:15,53
DA:16,53
DA:20,3
DA:24,2
DA:28,19
DA:32,3
DA:39,3
DA:41,3
DA:42,3
DA:46,132
DA:53,34
DA:54,34
DA:56,120
DA:65,1
LF:17
LH:17
BRDA:11,0,0,13
BRDA:11,1,0,13
BRDA:11,2,0,13
BRDA:16,3,0,40
BRDA:16,3,1,13
BRDA:56,4,0,120
BRDA:56,4,1,119
BRDA:56,4,2,118
BRDA:56,4,3,118
BRDA:56,4,4,116
BRF:10
BRH:10
end_of_record
TN:
SF:src/class/Player.js
FN:5,isValidPosition
FN:7,(anonymous_1)
FN:30,(anonymous_2)
FN:45,(anonymous_3)
FN:72,(anonymous_4)
FN:75,(anonymous_5)
FN:78,(anonymous_6)
FN:93,(anonymous_7)
FN:97,(anonymous_8)
FN:100,(anonymous_9)
FN:103,(anonymous_10)
FN:114,(anonymous_11)
FN:115,(anonymous_12)
FN:116,(anonymous_13)
FN:130,(anonymous_14)
FN:139,(anonymous_15)
FNF:16
FNH:12
FNDA:0,isValidPosition
FNDA:0,(anonymous_1)
FNDA:14,(anonymous_2)
FNDA:0,(anonymous_3)
FNDA:20,(anonymous_4)
FNDA:400,(anonymous_5)
FNDA:7,(anonymous_6)
FNDA:6,(anonymous_7)
FNDA:1,(anonymous_8)
FNDA:20,(anonymous_9)
FNDA:4,(anonymous_10)
FNDA:1,(anonymous_11)
FNDA:20,(anonymous_12)
FNDA:20,(anonymous_13)
FNDA:6,(anonymous_14)
FNDA:0,(anonymous_15)
DA:6,0
DA:8,0
DA:31,14
DA:32,14
DA:33,14
DA:34,14
DA:35,14
DA:36,14
DA:37,14
DA:38,14
DA:39,14
DA:40,14
DA:41,14
DA:42,14
DA:46,0
DA:47,0
DA:48,0
DA:49,0
DA:50,0
DA:51,0
DA:53,0
DA:54,0
DA:55,0
DA:56,0
DA:59,0
DA:60,0
DA:61,0
DA:62,0
DA:64,0
DA:65,0
DA:66,0
DA:69,0
DA:73,20
DA:75,400
DA:79,7
DA:80,7
DA:81,5
DA:84,7
DA:85,7
DA:88,7
DA:89,0
DA:94,6
DA:98,1
DA:100,20
DA:101,1
DA:103,1
DA:104,4
DA:105,4
DA:109,1
DA:110,1
DA:111,1
DA:115,1
DA:116,20
DA:118,1
DA:120,1
DA:122,1
DA:124,1
DA:125,0
DA:127,1
DA:131,6
DA:132,6
DA:133,6
DA:134,6
DA:135,6
DA:136,6
DA:140,0
LF:66
LH:43
BRDA:8,0,0,0
BRDA:8,0,1,0
BRDA:8,0,2,0
BRDA:8,0,3,0
BRDA:8,0,4,0
BRDA:46,1,0,0
BRDA:46,1,1,0
BRDA:47,2,0,0
BRDA:47,2,1,0
BRDA:50,3,0,0
BRDA:50,3,1,0
BRDA:61,4,0,0
BRDA:61,4,1,0
BRDA:80,5,0,5
BRDA:80,5,1,2
BRDA:88,6,0,0
BRDA:88,6,1,7
BRDA:88,7,0,7
BRDA:88,7,1,7
BRDA:98,8,0,0
BRDA:98,8,1,1
BRDA:104,9,0,4
BRDA:104,9,1,0
BRDA:104,10,0,4
BRDA:104,10,1,4
BRDA:146,11,0,0
BRDA:146,11,1,0
BRF:27
BRH:9
end_of_record
TN:
SF:src/domain/ApplyMove.js
FN:1,applyMove
FNF:1
FNH:1
FNDA:6,applyMove
DA:3,6
DA:4,6
DA:6,0
DA:9,2
DA:10,2
DA:12,1
DA:13,1
DA:15,1
DA:16,1
DA:17,1
DA:19,0
DA:21,0
DA:23,1
DA:25,1
DA:26,1
DA:28,1
DA:29,1
DA:30,1
DA:31,1
DA:32,17
DA:33,16
DA:34,16
DA:36,1
DA:39,1
DA:40,1
DA:41,1
DA:42,1
DA:43,1
DA:45,0
DA:48,0
DA:51,4
DA:52,4
DA:53,4
DA:56,0
LF:34
LH:28
BRDA:3,0,0,0
BRDA:3,0,1,6
BRDA:4,1,0,0
BRDA:4,1,1,2
BRDA:4,1,2,1
BRDA:4,1,3,1
BRDA:4,1,4,1
BRDA:4,1,5,1
BRDA:4,1,6,0
BRDA:16,2,0,1
BRDA:16,2,1,0
BRDA:32,3,0,16
BRDA:32,3,1,1
BRDA:39,4,0,1
BRDA:39,4,1,0
BRDA:51,5,0,4
BRDA:51,5,1,0
BRF:17
BRH:11
end_of_record
TN:
SF:src/domain/shape.js
FN:3,getShapeTemplate
FN:50,rotateShape
FN:59,(anonymous_2)
FN:63,(anonymous_3)
FN:70,(anonymous_4)
FNF:5
FNH:3
FNDA:12,getShapeTemplate
FNDA:1,rotateShape
FNDA:0,(anonymous_2)
FNDA:0,(anonymous_3)
FNDA:4,(anonymous_4)
DA:4,12
DA:48,12
DA:52,1
DA:53,0
DA:57,1
DA:58,0
DA:59,0
DA:63,0
DA:70,4
LF:9
LH:5
BRDA:48,0,0,12
BRDA:48,0,1,0
BRDA:52,1,0,0
BRDA:52,1,1,1
BRDA:57,2,0,0
BRDA:57,2,1,1
BRF:6
BRH:3
end_of_record
TN:
SF:src/types/types.js
FNF:0
FNH:0
DA:1,2
DA:2,2
DA:3,2
DA:4,2
DA:5,2
DA:6,2
DA:7,2
DA:8,2
DA:9,2
LF:9
LH:9
BRF:0
BRH:0
end_of_record
