TN:
SF:src/App.jsx
FN:6,App
FN:18,(anonymous_1)
FN:23,(anonymous_2)
FN:27,(anonymous_3)
FN:30,(anonymous_4)
FN:36,(anonymous_5)
FN:41,(anonymous_6)
FN:46,(anonymous_7)
FN:59,(anonymous_8)
FN:65,(anonymous_9)
FN:71,(anonymous_10)
FN:77,(anonymous_11)
FN:78,(anonymous_12)
FN:106,(anonymous_13)
FN:138,(anonymous_14)
FN:159,(anonymous_15)
FNF:16
FNH:10
FNDA:4,App
FNDA:1,(anonymous_1)
FNDA:0,(anonymous_2)
FNDA:1,(anonymous_3)
FNDA:0,(anonymous_4)
FNDA:0,(anonymous_5)
FNDA:1,(anonymous_6)
FNDA:3,(anonymous_7)
FNDA:0,(anonymous_8)
FNDA:0,(anonymous_9)
FNDA:4,(anonymous_10)
FNDA:3,(anonymous_11)
FNDA:4,(anonymous_12)
FNDA:3,(anonymous_13)
FNDA:1,(anonymous_14)
FNDA:0,(anonymous_15)
DA:7,4
DA:8,4
DA:9,4
DA:10,4
DA:11,4
DA:12,4
DA:14,4
DA:15,4
DA:16,4
DA:18,4
DA:19,1
DA:20,1
DA:21,1
DA:23,1
DA:24,0
DA:27,1
DA:28,1
DA:29,1
DA:30,0
DA:31,0
DA:32,0
DA:36,1
DA:37,0
DA:38,0
DA:41,1
DA:42,1
DA:46,4
DA:47,3
DA:48,3
DA:54,1
DA:55,1
DA:59,4
DA:60,0
DA:61,0
DA:65,4
DA:66,0
DA:67,0
DA:71,4
DA:72,4
DA:73,4
DA:77,4
DA:78,3
DA:79,4
DA:81,4
DA:83,1
DA:84,1
DA:85,1
DA:87,1
DA:88,1
DA:89,1
DA:91,1
DA:92,1
DA:93,1
DA:95,1
DA:96,1
DA:97,1
DA:99,0
DA:100,0
DA:101,0
DA:105,3
DA:106,3
DA:109,4
DA:110,4
DA:112,4
DA:139,1
DA:160,0
LF:66
LH:52
BRDA:21,0,0,1
BRDA:21,0,1,0
BRDA:24,1,0,0
BRDA:24,1,1,0
BRDA:29,2,0,0
BRDA:29,2,1,1
BRDA:29,3,0,1
BRDA:29,3,1,1
BRDA:31,4,0,0
BRDA:31,4,1,0
BRDA:47,5,0,0
BRDA:47,5,1,3
BRDA:47,6,0,3
BRDA:47,6,1,3
BRDA:48,7,0,1
BRDA:48,7,1,2
BRDA:49,8,0,3
BRDA:49,8,1,2
BRDA:49,8,2,1
BRDA:49,8,3,1
BRDA:60,9,0,0
BRDA:60,9,1,0
BRDA:66,10,0,0
BRDA:66,10,1,0
BRDA:72,11,0,4
BRDA:72,11,1,0
BRDA:79,12,0,0
BRDA:79,12,1,4
BRDA:81,13,0,1
BRDA:81,13,1,1
BRDA:81,13,2,1
BRDA:81,13,3,1
BRDA:81,13,4,0
BRDA:110,14,0,0
BRDA:110,14,1,4
BRDA:115,15,0,4
BRDA:115,15,1,0
BRDA:117,16,0,2
BRDA:117,16,1,2
BRDA:124,17,0,2
BRDA:124,17,1,1
BRDA:132,18,0,2
BRDA:132,18,1,1
BRDA:137,19,0,4
BRDA:137,19,1,1
BRDA:143,20,0,1
BRDA:143,20,1,0
BRDA:155,21,0,4
BRDA:155,21,1,1
BRDA:155,21,2,0
BRDA:155,21,3,0
BRDA:161,22,0,0
BRDA:161,22,1,0
BRF:53
BRH:32
end_of_record
TN:
SF:src/selector.js
FN:1,isPartOfPiece
FN:3,(anonymous_1)
FN:7,addPieceBoard
FN:8,(anonymous_3)
FN:9,(anonymous_4)
FN:14,malusRows
FN:18,addMalusToBoard
FN:19,(anonymous_7)
FNF:8
FNH:8
FNDA:200,isPartOfPiece
FNDA:794,(anonymous_1)
FNDA:1,addPieceBoard
FNDA:20,(anonymous_3)
FNDA:200,(anonymous_4)
FNDA:1,malusRows
FNDA:1,addMalusToBoard
FNDA:20,(anonymous_7)
DA:2,200
DA:3,794
DA:8,1
DA:9,20
DA:10,200
DA:15,1
DA:19,20
LF:7
LH:7
BRDA:3,0,0,794
BRDA:3,0,1,79
BRDA:10,1,0,4
BRDA:10,1,1,196
BRF:4
BRH:4
end_of_record
TN:
SF:src/components/Board.jsx
FN:1,BoardView
FN:14,(anonymous_1)
FN:15,(anonymous_2)
FN:16,(anonymous_3)
FNF:4
FNH:4
FNDA:1,BoardView
FNDA:1,(anonymous_1)
FNDA:20,(anonymous_2)
FNDA:200,(anonymous_3)
DA:2,1
DA:14,1
DA:15,1
DA:16,20
DA:17,200
DA:30,1
LF:6
LH:6
BRF:0
BRH:0
end_of_record
