TN:
SF:src/App.css
FNF:0
FNH:0
LF:0
LH:0
BRF:0
BRH:0
end_of_record
TN:
SF:src/App.jsx
FN:9,App
FN:24,(anonymous_1)
FN:26,(anonymous_2)
FN:29,(anonymous_3)
FN:31,(anonymous_4)
FN:37,(anonymous_5)
FN:42,(anonymous_6)
FN:46,(anonymous_7)
FN:51,(anonymous_8)
FN:56,(anonymous_9)
FN:61,(anonymous_10)
FN:66,(anonymous_11)
FN:79,(anonymous_12)
FN:85,(anonymous_13)
FN:86,(anonymous_14)
FN:119,(anonymous_15)
FN:134,(anonymous_16)
FN:146,(anonymous_17)
FN:168,(anonymous_18)
FNF:19
FNH:13
FNDA:4,App
FNDA:2,(anonymous_1)
FNDA:1,(anonymous_2)
FNDA:1,(anonymous_3)
FNDA:0,(anonymous_4)
FNDA:1,(anonymous_5)
FNDA:0,(anonymous_6)
FNDA:1,(anonymous_7)
FNDA:0,(anonymous_8)
FNDA:0,(anonymous_9)
FNDA:1,(anonymous_10)
FNDA:3,(anonymous_11)
FNDA:4,(anonymous_12)
FNDA:3,(anonymous_13)
FNDA:4,(anonymous_14)
FNDA:3,(anonymous_15)
FNDA:0,(anonymous_16)
FNDA:1,(anonymous_17)
FNDA:0,(anonymous_18)
DA:10,4
DA:11,4
DA:12,4
DA:13,4
DA:14,4
DA:15,4
DA:16,4
DA:18,4
DA:19,4
DA:20,4
DA:22,4
DA:24,4
DA:25,2
DA:26,1
DA:27,1
DA:28,1
DA:29,1
DA:30,1
DA:31,1
DA:32,0
DA:37,4
DA:38,1
DA:39,1
DA:40,1
DA:42,1
DA:43,0
DA:46,1
DA:47,1
DA:49,1
DA:51,0
DA:52,0
DA:56,1
DA:57,0
DA:58,0
DA:61,1
DA:62,1
DA:66,4
DA:67,3
DA:68,3
DA:74,1
DA:75,1
DA:79,4
DA:80,4
DA:81,4
DA:85,4
DA:86,3
DA:87,4
DA:89,4
DA:91,1
DA:92,1
DA:93,1
DA:95,0
DA:96,0
DA:97,0
DA:98,0
DA:100,1
DA:101,1
DA:102,1
DA:104,1
DA:105,1
DA:106,1
DA:108,1
DA:109,1
DA:110,1
DA:112,0
DA:113,0
DA:114,0
DA:118,3
DA:119,3
DA:122,4
DA:123,4
DA:125,4
DA:134,0
DA:147,1
DA:169,0
LF:75
LH:60
BRDA:25,0,0,1
BRDA:25,0,1,1
BRDA:27,1,0,1
BRDA:27,1,1,0
BRDA:29,2,0,1
BRDA:29,2,1,0
BRDA:40,3,0,1
BRDA:40,3,1,0
BRDA:43,4,0,0
BRDA:43,4,1,0
BRDA:49,5,0,0
BRDA:49,5,1,1
BRDA:49,6,0,1
BRDA:49,6,1,1
BRDA:52,7,0,0
BRDA:52,7,1,0
BRDA:67,8,0,0
BRDA:67,8,1,3
BRDA:67,9,0,3
BRDA:67,9,1,3
BRDA:68,10,0,1
BRDA:68,10,1,2
BRDA:69,11,0,3
BRDA:69,11,1,2
BRDA:69,11,2,1
BRDA:69,11,3,1
BRDA:80,12,0,4
BRDA:80,12,1,0
BRDA:87,13,0,0
BRDA:87,13,1,4
BRDA:89,14,0,1
BRDA:89,14,1,0
BRDA:89,14,2,1
BRDA:89,14,3,1
BRDA:89,14,4,1
BRDA:89,14,5,0
BRDA:123,15,0,0
BRDA:123,15,1,4
BRDA:126,16,0,0
BRDA:126,16,1,4
BRDA:131,17,0,4
BRDA:131,17,1,1
BRDA:131,17,2,0
BRDA:142,18,0,2
BRDA:142,18,1,2
BRDA:142,19,0,2
BRDA:142,19,1,1
BRDA:142,19,2,0
BRDA:144,20,0,0
BRDA:144,20,1,4
BRDA:145,21,0,4
BRDA:145,21,1,1
BRDA:152,22,0,1
BRDA:152,22,1,0
BRDA:164,23,0,4
BRDA:164,23,1,1
BRDA:164,23,2,0
BRDA:164,23,3,0
BRDA:170,24,0,0
BRDA:170,24,1,0
BRF:60
BRH:37
end_of_record
TN:
SF:src/selector.js
FN:1,isPartOfPiece
FN:3,(anonymous_1)
FN:7,addPieceBoard
FN:8,(anonymous_3)
FN:9,(anonymous_4)
FN:14,malusRows
FN:18,addMalusToBoard
FN:19,(anonymous_7)
FNF:8
FNH:8
FNDA:200,isPartOfPiece
FNDA:794,(anonymous_1)
FNDA:1,addPieceBoard
FNDA:20,(anonymous_3)
FNDA:200,(anonymous_4)
FNDA:1,malusRows
FNDA:1,addMalusToBoard
FNDA:20,(anonymous_7)
DA:2,200
DA:3,794
DA:8,1
DA:9,20
DA:10,200
DA:15,1
DA:19,20
LF:7
LH:7
BRDA:3,0,0,794
BRDA:3,0,1,79
BRDA:10,1,0,4
BRDA:10,1,1,196
BRF:4
BRH:4
end_of_record
TN:
SF:src/components/Board.jsx
FN:1,BoardView
FN:13,(anonymous_1)
FN:14,(anonymous_2)
FN:15,(anonymous_3)
FNF:4
FNH:4
FNDA:1,BoardView
FNDA:1,(anonymous_1)
FNDA:20,(anonymous_2)
FNDA:200,(anonymous_3)
DA:2,1
DA:13,1
DA:14,1
DA:15,20
DA:16,200
DA:29,1
LF:6
LH:6
BRF:0
BRH:0
end_of_record
TN:
SF:src/components/Menu.jsx
FN:3,Menu
FN:6,(anonymous_1)
FN:12,(anonymous_2)
FN:18,(anonymous_3)
FNF:4
FNH:0
FNDA:0,Menu
FNDA:0,(anonymous_1)
FNDA:0,(anonymous_2)
FNDA:0,(anonymous_3)
DA:4,0
DA:6,0
DA:7,0
DA:8,0
DA:12,0
DA:13,0
DA:14,0
DA:18,0
DA:19,0
DA:22,0
LF:10
LH:0
BRDA:7,0,0,0
BRDA:7,0,1,0
BRDA:13,1,0,0
BRDA:13,1,1,0
BRDA:27,2,0,0
BRDA:27,2,1,0
BRDA:32,3,0,0
BRDA:32,3,1,0
BRDA:36,4,0,0
BRDA:36,4,1,0
BRF:10
BRH:0
end_of_record
TN:
SF:src/components/Score.jsx
FN:1,Score
FN:2,(anonymous_1)
FNF:2
FNH:2
FNDA:2,Score
FNDA:3,(anonymous_1)
DA:2,3
LF:1
LH:1
BRF:0
BRH:0
end_of_record
